TN:
SF:games/base-game.js
FN:9,(anonymous_0)
FN:25,(anonymous_1)
FN:35,(anonymous_2)
FN:44,(anonymous_3)
FN:60,(anonymous_4)
FN:62,(anonymous_5)
FN:70,(anonymous_6)
FN:79,(anonymous_7)
FN:80,(anonymous_8)
FN:86,(anonymous_9)
FN:94,(anonymous_10)
FN:102,(anonymous_11)
FN:110,(anonymous_12)
FN:112,(anonymous_13)
FN:122,(anonymous_14)
FN:130,(anonymous_15)
FN:138,(anonymous_16)
FNF:17
FNH:9
FNDA:43,(anonymous_0)
FNDA:0,(anonymous_1)
FNDA:0,(anonymous_2)
FNDA:20,(anonymous_3)
FNDA:0,(anonymous_4)
FNDA:0,(anonymous_5)
FNDA:0,(anonymous_6)
FNDA:7,(anonymous_7)
FNDA:2,(anonymous_8)
FNDA:0,(anonymous_9)
FNDA:0,(anonymous_10)
FNDA:0,(anonymous_11)
FNDA:11,(anonymous_12)
FNDA:41,(anonymous_13)
FNDA:3,(anonymous_14)
FNDA:15,(anonymous_15)
FNDA:3,(anonymous_16)
DA:10,43
DA:11,43
DA:12,43
DA:17,43
DA:26,0
DA:36,0
DA:45,20
DA:46,2
DA:49,18
DA:50,18
DA:51,18
DA:52,18
DA:61,0
DA:62,0
DA:63,0
DA:71,0
DA:80,7
DA:87,0
DA:95,0
DA:103,0
DA:111,11
DA:112,11
DA:113,41
DA:115,11
DA:123,3
DA:131,15
DA:139,3
LF:27
LH:18
BRDA:9,0,0,0
BRDA:11,1,0,43
BRDA:11,1,1,0
BRDA:45,2,0,2
BRDA:45,2,1,18
BRDA:49,3,0,18
BRDA:49,3,1,18
BRDA:50,4,0,18
BRDA:50,4,1,18
BRF:9
BRH:7
end_of_record
TN:
SF:games/index.js
FN:28,createGame
FNF:1
FNH:0
FNDA:0,createGame
DA:29,0
DA:31,0
DA:33,0
DA:35,0
DA:37,0
DA:39,0
DA:41,0
LF:7
LH:0
BRDA:28,0,0,0
BRDA:29,1,0,0
BRDA:29,1,1,0
BRDA:29,1,2,0
BRDA:29,1,3,0
BRDA:29,1,4,0
BRDA:29,1,5,0
BRF:7
BRH:0
end_of_record
TN:
SF:games/kp-game.js
FN:10,(anonymous_0)
FN:18,(anonymous_1)
FN:21,(anonymous_2)
FN:27,(anonymous_3)
FN:43,(anonymous_4)
FN:67,(anonymous_5)
FN:72,(anonymous_6)
FN:73,(anonymous_7)
FN:88,(anonymous_8)
FN:89,(anonymous_9)
FN:98,(anonymous_10)
FN:99,(anonymous_11)
FN:107,(anonymous_12)
FN:108,(anonymous_13)
FN:116,(anonymous_14)
FN:117,(anonymous_15)
FNF:16
FNH:0
FNDA:0,(anonymous_0)
FNDA:0,(anonymous_1)
FNDA:0,(anonymous_2)
FNDA:0,(anonymous_3)
FNDA:0,(anonymous_4)
FNDA:0,(anonymous_5)
FNDA:0,(anonymous_6)
FNDA:0,(anonymous_7)
FNDA:0,(anonymous_8)
FNDA:0,(anonymous_9)
FNDA:0,(anonymous_10)
FNDA:0,(anonymous_11)
FNDA:0,(anonymous_12)
FNDA:0,(anonymous_13)
FNDA:0,(anonymous_14)
FNDA:0,(anonymous_15)
DA:11,0
DA:19,0
DA:21,0
DA:22,0
DA:23,0
DA:26,0
DA:27,0
DA:28,0
DA:29,0
DA:32,0
DA:35,0
DA:45,0
DA:46,0
DA:47,0
DA:51,0
DA:52,0
DA:56,0
DA:57,0
DA:60,0
DA:68,0
DA:71,0
DA:72,0
DA:73,0
DA:76,0
DA:89,0
DA:99,0
DA:108,0
DA:117,0
DA:118,0
LF:29
LH:0
BRDA:10,0,0,0
BRDA:26,1,0,0
BRDA:26,1,1,0
BRDA:28,2,0,0
BRDA:28,2,1,0
BRDA:45,3,0,0
BRDA:45,3,1,0
BRDA:46,4,0,0
BRDA:46,4,1,0
BRDA:46,5,0,0
BRDA:46,5,1,0
BRDA:51,6,0,0
BRDA:51,6,1,0
BRDA:56,7,0,0
BRDA:56,7,1,0
BRDA:56,8,0,0
BRDA:56,8,1,0
BRDA:73,9,0,0
BRDA:73,9,1,0
BRDA:89,10,0,0
BRDA:89,10,1,0
BRDA:98,11,0,0
BRDA:118,12,0,0
BRDA:118,12,1,0
BRF:24
BRH:0
end_of_record
TN:
SF:games/murph-game.js
FN:10,(anonymous_0)
FN:18,(anonymous_1)
FN:21,(anonymous_2)
FN:30,(anonymous_3)
FN:38,(anonymous_4)
FN:55,(anonymous_5)
FN:83,(anonymous_6)
FN:85,(anonymous_7)
FN:86,(anonymous_8)
FN:101,(anonymous_9)
FN:102,(anonymous_10)
FN:110,(anonymous_11)
FN:114,(anonymous_12)
FNF:13
FNH:9
FNDA:18,(anonymous_0)
FNDA:5,(anonymous_1)
FNDA:6,(anonymous_2)
FNDA:13,(anonymous_3)
FNDA:8,(anonymous_4)
FNDA:15,(anonymous_5)
FNDA:2,(anonymous_6)
FNDA:2,(anonymous_7)
FNDA:2,(anonymous_8)
FNDA:0,(anonymous_9)
FNDA:0,(anonymous_10)
FNDA:0,(anonymous_11)
FNDA:0,(anonymous_12)
DA:11,18
DA:19,5
DA:21,5
DA:22,6
DA:23,6
DA:26,6
DA:28,6
DA:30,4
DA:31,13
DA:32,9
DA:35,4
DA:38,2
DA:39,8
DA:40,6
DA:43,2
DA:47,5
DA:57,15
DA:58,1
DA:62,14
DA:63,1
DA:67,13
DA:68,0
DA:72,13
DA:73,2
DA:76,11
DA:84,2
DA:85,2
DA:86,2
DA:88,2
DA:102,0
DA:111,0
DA:112,0
DA:114,0
DA:115,0
LF:34
LH:28
BRDA:10,0,0,0
BRDA:26,1,0,6
BRDA:26,1,1,2
BRDA:28,2,0,4
BRDA:28,2,1,2
BRDA:31,3,0,9
BRDA:31,3,1,4
BRDA:39,4,0,6
BRDA:39,4,1,2
BRDA:57,5,0,1
BRDA:57,5,1,14
BRDA:57,6,0,15
BRDA:57,6,1,15
BRDA:57,6,2,14
BRDA:62,7,0,1
BRDA:62,7,1,13
BRDA:67,8,0,0
BRDA:67,8,1,13
BRDA:67,9,0,13
BRDA:67,9,1,13
BRDA:72,10,0,2
BRDA:72,10,1,11
BRDA:85,11,0,2
BRDA:85,11,1,1
BRDA:86,12,0,2
BRDA:86,12,1,1
BRDA:92,13,0,1
BRDA:92,13,1,1
BRDA:112,14,0,0
BRDA:112,14,1,0
BRDA:114,15,0,0
BRDA:114,15,1,0
BRF:32
BRH:26
end_of_record
TN:
SF:games/skins-game.js
FN:10,(anonymous_0)
FN:24,(anonymous_1)
FN:27,(anonymous_2)
FN:55,(anonymous_3)
FN:61,(anonymous_4)
FN:65,(anonymous_5)
FN:70,(anonymous_6)
FN:74,(anonymous_7)
FN:87,(anonymous_8)
FN:91,(anonymous_9)
FN:105,(anonymous_10)
FN:135,(anonymous_11)
FN:159,(anonymous_12)
FN:168,(anonymous_13)
FN:177,(anonymous_14)
FN:188,(anonymous_15)
FN:190,(anonymous_16)
FNF:17
FNH:0
FNDA:0,(anonymous_0)
FNDA:0,(anonymous_1)
FNDA:0,(anonymous_2)
FNDA:0,(anonymous_3)
FNDA:0,(anonymous_4)
FNDA:0,(anonymous_5)
FNDA:0,(anonymous_6)
FNDA:0,(anonymous_7)
FNDA:0,(anonymous_8)
FNDA:0,(anonymous_9)
FNDA:0,(anonymous_10)
FNDA:0,(anonymous_11)
FNDA:0,(anonymous_12)
FNDA:0,(anonymous_13)
FNDA:0,(anonymous_14)
FNDA:0,(anonymous_15)
FNDA:0,(anonymous_16)
DA:11,0
DA:17,0
DA:25,0
DA:27,0
DA:28,0
DA:30,0
DA:33,0
DA:34,0
DA:36,0
DA:38,0
DA:41,0
DA:45,0
DA:56,0
DA:57,0
DA:59,0
DA:61,0
DA:62,0
DA:65,0
DA:66,0
DA:68,0
DA:70,0
DA:71,0
DA:74,0
DA:75,0
DA:88,0
DA:91,0
DA:92,0
DA:93,0
DA:95,0
DA:107,0
DA:108,0
DA:112,0
DA:113,0
DA:117,0
DA:118,0
DA:122,0
DA:123,0
DA:126,0
DA:136,0
DA:137,0
DA:141,0
DA:142,0
DA:145,0
DA:146,0
DA:149,0
DA:152,0
DA:160,0
DA:169,0
DA:170,0
DA:178,0
DA:189,0
DA:190,0
DA:191,0
DA:193,0
LF:54
LH:0
BRDA:10,0,0,0
BRDA:17,1,0,0
BRDA:17,1,1,0
BRDA:28,2,0,0
BRDA:28,2,1,0
BRDA:34,3,0,0
BRDA:34,3,1,0
BRDA:36,4,0,0
BRDA:36,4,1,0
BRDA:36,5,0,0
BRDA:36,5,1,0
BRDA:36,5,2,0
BRDA:56,6,0,0
BRDA:56,6,1,0
BRDA:57,7,0,0
BRDA:57,7,1,0
BRDA:59,8,0,0
BRDA:59,8,1,0
BRDA:68,9,0,0
BRDA:68,9,1,0
BRDA:92,10,0,0
BRDA:92,10,1,0
BRDA:107,11,0,0
BRDA:107,11,1,0
BRDA:107,12,0,0
BRDA:107,12,1,0
BRDA:112,13,0,0
BRDA:112,13,1,0
BRDA:112,14,0,0
BRDA:112,14,1,0
BRDA:117,15,0,0
BRDA:117,15,1,0
BRDA:122,16,0,0
BRDA:122,16,1,0
BRDA:122,17,0,0
BRDA:122,17,1,0
BRDA:122,17,2,0
BRDA:136,18,0,0
BRDA:136,18,1,0
BRDA:142,19,0,0
BRDA:142,19,1,0
BRDA:145,20,0,0
BRDA:145,20,1,0
BRDA:168,21,0,0
BRDA:198,22,0,0
BRDA:198,22,1,0
BRF:46
BRH:0
end_of_record
TN:
SF:games/snake-game.js
FN:10,(anonymous_0)
FN:18,(anonymous_1)
FN:41,(anonymous_2)
FN:58,(anonymous_3)
FN:73,(anonymous_4)
FN:96,(anonymous_5)
FN:101,(anonymous_6)
FN:102,(anonymous_7)
FN:123,(anonymous_8)
FN:124,(anonymous_9)
FN:131,(anonymous_10)
FN:139,(anonymous_11)
FN:149,(anonymous_12)
FN:158,(anonymous_13)
FN:159,(anonymous_14)
FN:166,(anonymous_15)
FNF:16
FNH:0
FNDA:0,(anonymous_0)
FNDA:0,(anonymous_1)
FNDA:0,(anonymous_2)
FNDA:0,(anonymous_3)
FNDA:0,(anonymous_4)
FNDA:0,(anonymous_5)
FNDA:0,(anonymous_6)
FNDA:0,(anonymous_7)
FNDA:0,(anonymous_8)
FNDA:0,(anonymous_9)
FNDA:0,(anonymous_10)
FNDA:0,(anonymous_11)
FNDA:0,(anonymous_12)
FNDA:0,(anonymous_13)
FNDA:0,(anonymous_14)
FNDA:0,(anonymous_15)
DA:11,0
DA:19,0
DA:21,0
DA:22,0
DA:25,0
DA:26,0
DA:27,0
DA:32,0
DA:34,0
DA:35,0
DA:38,0
DA:39,0
DA:41,0
DA:42,0
DA:43,0
DA:51,0
DA:52,0
DA:55,0
DA:56,0
DA:58,0
DA:59,0
DA:60,0
DA:65,0
DA:75,0
DA:76,0
DA:80,0
DA:81,0
DA:85,0
DA:86,0
DA:89,0
DA:97,0
DA:100,0
DA:101,0
DA:102,0
DA:105,0
DA:106,0
DA:107,0
DA:109,0
DA:124,0
DA:132,0
DA:140,0
DA:141,0
DA:150,0
DA:159,0
DA:167,0
DA:168,0
DA:169,0
DA:171,0
LF:48
LH:0
BRDA:10,0,0,0
BRDA:21,1,0,0
BRDA:21,1,1,0
BRDA:32,2,0,0
BRDA:32,2,1,0
BRDA:42,3,0,0
BRDA:42,3,1,0
BRDA:59,4,0,0
BRDA:59,4,1,0
BRDA:75,5,0,0
BRDA:75,5,1,0
BRDA:75,6,0,0
BRDA:75,6,1,0
BRDA:80,7,0,0
BRDA:80,7,1,0
BRDA:85,8,0,0
BRDA:85,8,1,0
BRDA:85,9,0,0
BRDA:85,9,1,0
BRDA:107,10,0,0
BRDA:107,10,1,0
BRDA:140,11,0,0
BRDA:140,11,1,0
BRF:23
BRH:0
end_of_record
TN:
SF:games/wolf-game.js
FN:11,(anonymous_0)
FN:24,(anonymous_1)
FN:27,(anonymous_2)
FN:34,(anonymous_3)
FN:43,(anonymous_4)
FN:54,(anonymous_5)
FN:63,(anonymous_6)
FN:80,(anonymous_7)
FN:130,(anonymous_8)
FN:141,(anonymous_9)
FN:160,(anonymous_10)
FN:162,(anonymous_11)
FN:170,(anonymous_12)
FN:178,(anonymous_13)
FN:180,(anonymous_14)
FN:181,(anonymous_15)
FN:182,(anonymous_16)
FN:183,(anonymous_17)
FN:187,(anonymous_18)
FN:188,(anonymous_19)
FN:189,(anonymous_20)
FN:215,(anonymous_21)
FN:238,(anonymous_22)
FNF:23
FNH:23
FNDA:25,(anonymous_0)
FNDA:6,(anonymous_1)
FNDA:6,(anonymous_2)
FNDA:4,(anonymous_3)
FNDA:12,(anonymous_4)
FNDA:4,(anonymous_5)
FNDA:4,(anonymous_6)
FNDA:16,(anonymous_7)
FNDA:21,(anonymous_8)
FNDA:3,(anonymous_9)
FNDA:2,(anonymous_10)
FNDA:8,(anonymous_11)
FNDA:7,(anonymous_12)
FNDA:1,(anonymous_13)
FNDA:1,(anonymous_14)
FNDA:1,(anonymous_15)
FNDA:1,(anonymous_16)
FNDA:1,(anonymous_17)
FNDA:4,(anonymous_18)
FNDA:4,(anonymous_19)
FNDA:1,(anonymous_20)
FNDA:4,(anonymous_21)
FNDA:1,(anonymous_22)
DA:12,25
DA:17,25
DA:25,6
DA:27,6
DA:28,6
DA:30,6
DA:31,4
DA:33,1
DA:34,1
DA:35,4
DA:36,3
DA:41,3
DA:42,3
DA:43,3
DA:44,12
DA:45,6
DA:51,2
DA:53,1
DA:54,1
DA:55,4
DA:56,3
DA:61,1
DA:62,1
DA:63,1
DA:64,4
DA:65,2
DA:72,6
DA:82,16
DA:83,0
DA:87,16
DA:88,0
DA:92,16
DA:93,0
DA:97,16
DA:98,2
DA:102,14
DA:103,1
DA:107,13
DA:108,10
DA:109,1
DA:111,9
DA:112,1
DA:117,11
DA:118,11
DA:119,0
DA:122,11
DA:131,21
DA:132,21
DA:133,21
DA:142,3
DA:143,3
DA:144,3
DA:145,3
DA:147,3
DA:161,2
DA:162,8
DA:171,7
DA:179,1
DA:180,1
DA:181,1
DA:182,1
DA:183,1
DA:186,1
DA:187,1
DA:188,4
DA:189,4
DA:190,4
DA:198,1
DA:216,4
DA:217,4
DA:219,4
DA:220,4
DA:222,4
DA:225,4
DA:226,4
DA:227,4
DA:231,0
DA:239,1
DA:240,1
DA:241,4
DA:242,4
DA:243,4
DA:245,4
DA:251,1
LF:84
LH:79
BRDA:11,0,0,0
BRDA:30,1,0,4
BRDA:30,1,1,2
BRDA:31,2,0,1
BRDA:31,2,1,3
BRDA:35,3,0,3
BRDA:35,3,1,1
BRDA:44,4,0,6
BRDA:44,4,1,6
BRDA:44,5,0,12
BRDA:44,5,1,9
BRDA:51,6,0,1
BRDA:51,6,1,1
BRDA:55,7,0,3
BRDA:55,7,1,1
BRDA:64,8,0,2
BRDA:64,8,1,2
BRDA:64,9,0,4
BRDA:64,9,1,3
BRDA:82,10,0,0
BRDA:82,10,1,16
BRDA:82,11,0,16
BRDA:82,11,1,16
BRDA:82,11,2,16
BRDA:82,11,3,16
BRDA:87,12,0,0
BRDA:87,12,1,16
BRDA:87,13,0,16
BRDA:87,13,1,16
BRDA:92,14,0,0
BRDA:92,14,1,16
BRDA:97,15,0,2
BRDA:97,15,1,14
BRDA:102,16,0,1
BRDA:102,16,1,13
BRDA:107,17,0,10
BRDA:107,17,1,3
BRDA:108,18,0,1
BRDA:108,18,1,9
BRDA:108,19,0,10
BRDA:108,19,1,9
BRDA:111,20,0,1
BRDA:111,20,1,8
BRDA:118,21,0,0
BRDA:118,21,1,11
BRDA:194,22,0,1
BRDA:194,22,1,3
BRDA:217,23,0,0
BRDA:217,23,1,4
BRDA:220,24,0,0
BRDA:220,24,1,4
BRDA:225,25,0,4
BRDA:225,25,1,4
BRDA:226,26,0,4
BRDA:226,26,1,0
BRF:55
BRH:47
end_of_record
TN:
SF:managers/game-manager.js
FN:14,(anonymous_0)
FN:44,(anonymous_1)
FN:52,(anonymous_2)
FN:73,(anonymous_3)
FN:93,(anonymous_4)
FN:119,(anonymous_5)
FN:138,(anonymous_6)
FN:146,(anonymous_7)
FN:147,(anonymous_8)
FN:154,(anonymous_9)
FN:155,(anonymous_10)
FN:170,(anonymous_11)
FN:201,(anonymous_12)
FN:212,(anonymous_13)
FN:223,(anonymous_14)
FN:235,(anonymous_15)
FN:238,(anonymous_16)
FN:240,(anonymous_17)
FN:256,(anonymous_18)
FN:283,(anonymous_19)
FN:287,(anonymous_20)
FN:295,(anonymous_21)
FN:299,(anonymous_22)
FN:300,(anonymous_23)
FN:317,(anonymous_24)
FN:324,(anonymous_25)
FN:333,(anonymous_26)
FN:334,(anonymous_27)
FN:377,(anonymous_28)
FN:402,(anonymous_29)
FN:404,(anonymous_30)
FN:408,(anonymous_31)
FN:414,(anonymous_32)
FN:422,(anonymous_33)
FN:438,(anonymous_34)
FN:440,(anonymous_35)
FN:444,(anonymous_36)
FN:458,(anonymous_37)
FN:462,(anonymous_38)
FN:469,(anonymous_39)
FN:473,(anonymous_40)
FN:480,(anonymous_41)
FN:497,(anonymous_42)
FN:499,(anonymous_43)
FN:503,(anonymous_44)
FN:506,(anonymous_45)
FN:521,(anonymous_46)
FN:523,(anonymous_47)
FN:541,(anonymous_48)
FN:552,(anonymous_49)
FN:566,(anonymous_50)
FN:568,(anonymous_51)
FN:578,(anonymous_52)
FN:583,(anonymous_53)
FN:592,(anonymous_54)
FN:603,(anonymous_55)
FN:612,(anonymous_56)
FN:632,(anonymous_57)
FN:635,(anonymous_58)
FN:656,(anonymous_59)
FN:664,(anonymous_60)
FN:674,(anonymous_61)
FN:682,(anonymous_62)
FN:683,(anonymous_63)
FNF:64
FNH:0
FNDA:0,(anonymous_0)
FNDA:0,(anonymous_1)
FNDA:0,(anonymous_2)
FNDA:0,(anonymous_3)
FNDA:0,(anonymous_4)
FNDA:0,(anonymous_5)
FNDA:0,(anonymous_6)
FNDA:0,(anonymous_7)
FNDA:0,(anonymous_8)
FNDA:0,(anonymous_9)
FNDA:0,(anonymous_10)
FNDA:0,(anonymous_11)
FNDA:0,(anonymous_12)
FNDA:0,(anonymous_13)
FNDA:0,(anonymous_14)
FNDA:0,(anonymous_15)
FNDA:0,(anonymous_16)
FNDA:0,(anonymous_17)
FNDA:0,(anonymous_18)
FNDA:0,(anonymous_19)
FNDA:0,(anonymous_20)
FNDA:0,(anonymous_21)
FNDA:0,(anonymous_22)
FNDA:0,(anonymous_23)
FNDA:0,(anonymous_24)
FNDA:0,(anonymous_25)
FNDA:0,(anonymous_26)
FNDA:0,(anonymous_27)
FNDA:0,(anonymous_28)
FNDA:0,(anonymous_29)
FNDA:0,(anonymous_30)
FNDA:0,(anonymous_31)
FNDA:0,(anonymous_32)
FNDA:0,(anonymous_33)
FNDA:0,(anonymous_34)
FNDA:0,(anonymous_35)
FNDA:0,(anonymous_36)
FNDA:0,(anonymous_37)
FNDA:0,(anonymous_38)
FNDA:0,(anonymous_39)
FNDA:0,(anonymous_40)
FNDA:0,(anonymous_41)
FNDA:0,(anonymous_42)
FNDA:0,(anonymous_43)
FNDA:0,(anonymous_44)
FNDA:0,(anonymous_45)
FNDA:0,(anonymous_46)
FNDA:0,(anonymous_47)
FNDA:0,(anonymous_48)
FNDA:0,(anonymous_49)
FNDA:0,(anonymous_50)
FNDA:0,(anonymous_51)
FNDA:0,(anonymous_52)
FNDA:0,(anonymous_53)
FNDA:0,(anonymous_54)
FNDA:0,(anonymous_55)
FNDA:0,(anonymous_56)
FNDA:0,(anonymous_57)
FNDA:0,(anonymous_58)
FNDA:0,(anonymous_59)
FNDA:0,(anonymous_60)
FNDA:0,(anonymous_61)
FNDA:0,(anonymous_62)
FNDA:0,(anonymous_63)
DA:15,0
DA:16,0
DA:17,0
DA:18,0
DA:19,0
DA:22,0
DA:30,0
DA:31,0
DA:45,0
DA:46,0
DA:47,0
DA:48,0
DA:49,0
DA:52,0
DA:53,0
DA:54,0
DA:56,0
DA:61,0
DA:65,0
DA:74,0
DA:75,0
DA:82,0
DA:83,0
DA:84,0
DA:85,0
DA:86,0
DA:94,0
DA:96,0
DA:97,0
DA:98,0
DA:99,0
DA:100,0
DA:103,0
DA:112,0
DA:114,0
DA:116,0
DA:119,0
DA:120,0
DA:122,0
DA:124,0
DA:131,0
DA:139,0
DA:147,0
DA:155,0
DA:156,0
DA:172,0
DA:173,0
DA:177,0
DA:180,0
DA:181,0
DA:182,0
DA:184,0
DA:185,0
DA:188,0
DA:192,0
DA:202,0
DA:205,0
DA:206,0
DA:210,0
DA:211,0
DA:212,0
DA:215,0
DA:224,0
DA:225,0
DA:227,0
DA:236,0
DA:238,0
DA:239,0
DA:240,0
DA:244,0
DA:258,0
DA:259,0
DA:263,0
DA:265,0
DA:267,0
DA:269,0
DA:271,0
DA:273,0
DA:275,0
DA:284,0
DA:287,0
DA:288,0
DA:289,0
DA:294,0
DA:295,0
DA:296,0
DA:299,0
DA:300,0
DA:301,0
DA:302,0
DA:307,0
DA:318,0
DA:321,0
DA:322,0
DA:324,0
DA:325,0
DA:326,0
DA:327,0
DA:328,0
DA:333,0
DA:334,0
DA:336,0
DA:337,0
DA:340,0
DA:341,0
DA:342,0
DA:345,0
DA:346,0
DA:347,0
DA:349,0
DA:351,0
DA:358,0
DA:359,0
DA:362,0
DA:363,0
DA:365,0
DA:366,0
DA:371,0
DA:373,0
DA:374,0
DA:376,0
DA:377,0
DA:378,0
DA:387,0
DA:390,0
DA:391,0
DA:403,0
DA:404,0
DA:405,0
DA:408,0
DA:410,0
DA:412,0
DA:414,0
DA:415,0
DA:416,0
DA:419,0
DA:422,0
DA:423,0
DA:424,0
DA:427,0
DA:431,0
DA:439,0
DA:440,0
DA:441,0
DA:444,0
DA:445,0
DA:446,0
DA:449,0
DA:450,0
DA:452,0
DA:454,0
DA:455,0
DA:456,0
DA:458,0
DA:459,0
DA:462,0
DA:463,0
DA:465,0
DA:466,0
DA:467,0
DA:469,0
DA:470,0
DA:473,0
DA:474,0
DA:479,0
DA:480,0
DA:481,0
DA:482,0
DA:484,0
DA:490,0
DA:498,0
DA:499,0
DA:500,0
DA:503,0
DA:504,0
DA:506,0
DA:507,0
DA:508,0
DA:511,0
DA:514,0
DA:522,0
DA:523,0
DA:524,0
DA:527,0
DA:528,0
DA:531,0
DA:532,0
DA:533,0
DA:535,0
DA:536,0
DA:537,0
DA:539,0
DA:541,0
DA:542,0
DA:543,0
DA:547,0
DA:548,0
DA:550,0
DA:552,0
DA:553,0
DA:554,0
DA:559,0
DA:567,0
DA:568,0
DA:569,0
DA:572,0
DA:573,0
DA:576,0
DA:578,0
DA:579,0
DA:580,0
DA:582,0
DA:583,0
DA:584,0
DA:585,0
DA:590,0
DA:591,0
DA:592,0
DA:593,0
DA:594,0
DA:600,0
DA:602,0
DA:603,0
DA:604,0
DA:605,0
DA:610,0
DA:611,0
DA:612,0
DA:613,0
DA:614,0
DA:621,0
DA:633,0
DA:635,0
DA:636,0
DA:637,0
DA:638,0
DA:640,0
DA:649,0
DA:657,0
DA:664,0
DA:675,0
DA:683,0
LF:242
LH:0
BRDA:54,0,0,0
BRDA:54,0,1,0
BRDA:96,1,0,0
BRDA:96,1,1,0
BRDA:97,2,0,0
BRDA:97,2,1,0
BRDA:98,3,0,0
BRDA:98,3,1,0
BRDA:99,4,0,0
BRDA:99,4,1,0
BRDA:100,5,0,0
BRDA:100,5,1,0
BRDA:103,6,0,0
BRDA:103,6,1,0
BRDA:112,7,0,0
BRDA:112,7,1,0
BRDA:112,8,0,0
BRDA:112,8,1,0
BRDA:120,9,0,0
BRDA:120,9,1,0
BRDA:120,10,0,0
BRDA:120,10,1,0
BRDA:172,11,0,0
BRDA:172,11,1,0
BRDA:180,12,0,0
BRDA:180,12,1,0
BRDA:184,13,0,0
BRDA:184,13,1,0
BRDA:205,14,0,0
BRDA:205,14,1,0
BRDA:215,15,0,0
BRDA:215,15,1,0
BRDA:224,16,0,0
BRDA:224,16,1,0
BRDA:227,17,0,0
BRDA:227,17,1,0
BRDA:258,18,0,0
BRDA:258,18,1,0
BRDA:263,19,0,0
BRDA:263,19,1,0
BRDA:263,19,2,0
BRDA:263,19,3,0
BRDA:263,19,4,0
BRDA:263,19,5,0
BRDA:288,20,0,0
BRDA:288,20,1,0
BRDA:301,21,0,0
BRDA:301,21,1,0
BRDA:325,22,0,0
BRDA:325,22,1,0
BRDA:327,23,0,0
BRDA:327,23,1,0
BRDA:336,24,0,0
BRDA:336,24,1,0
BRDA:336,25,0,0
BRDA:336,25,1,0
BRDA:345,26,0,0
BRDA:345,26,1,0
BRDA:362,27,0,0
BRDA:362,27,1,0
BRDA:365,28,0,0
BRDA:365,28,1,0
BRDA:373,29,0,0
BRDA:373,29,1,0
BRDA:410,30,0,0
BRDA:410,30,1,0
BRDA:412,31,0,0
BRDA:412,31,1,0
BRDA:415,32,0,0
BRDA:415,32,1,0
BRDA:423,33,0,0
BRDA:423,33,1,0
BRDA:445,34,0,0
BRDA:445,34,1,0
BRDA:452,35,0,0
BRDA:452,35,1,0
BRDA:452,36,0,0
BRDA:452,36,1,0
BRDA:452,36,2,0
BRDA:454,37,0,0
BRDA:454,37,1,0
BRDA:465,38,0,0
BRDA:465,38,1,0
BRDA:481,39,0,0
BRDA:481,39,1,0
BRDA:507,40,0,0
BRDA:507,40,1,0
BRDA:527,41,0,0
BRDA:527,41,1,0
BRDA:535,42,0,0
BRDA:535,42,1,0
BRDA:542,43,0,0
BRDA:542,43,1,0
BRDA:553,44,0,0
BRDA:553,44,1,0
BRDA:572,45,0,0
BRDA:572,45,1,0
BRDA:579,46,0,0
BRDA:579,46,1,0
BRDA:580,47,0,0
BRDA:580,47,1,0
BRDA:584,48,0,0
BRDA:584,48,1,0
BRDA:593,49,0,0
BRDA:593,49,1,0
BRDA:593,50,0,0
BRDA:593,50,1,0
BRDA:600,51,0,0
BRDA:600,51,1,0
BRDA:604,52,0,0
BRDA:604,52,1,0
BRDA:613,53,0,0
BRDA:613,53,1,0
BRDA:613,54,0,0
BRDA:613,54,1,0
BRDA:636,55,0,0
BRDA:636,55,1,0
BRDA:637,56,0,0
BRDA:637,56,1,0
BRDA:675,57,0,0
BRDA:675,57,1,0
BRF:121
BRH:0
end_of_record
TN:
SF:managers/page-manager.js
FN:12,(anonymous_0)
FN:23,(anonymous_1)
FN:39,(anonymous_2)
FN:46,(anonymous_3)
FN:64,(anonymous_4)
FN:71,(anonymous_5)
FN:80,(anonymous_6)
FN:90,(anonymous_7)
FNF:8
FNH:0
FNDA:0,(anonymous_0)
FNDA:0,(anonymous_1)
FNDA:0,(anonymous_2)
FNDA:0,(anonymous_3)
FNDA:0,(anonymous_4)
FNDA:0,(anonymous_5)
FNDA:0,(anonymous_6)
FNDA:0,(anonymous_7)
DA:13,0
DA:14,0
DA:15,0
DA:16,0
DA:24,0
DA:27,0
DA:30,0
DA:31,0
DA:40,0
DA:47,0
DA:50,0
DA:65,0
DA:74,0
DA:83,0
DA:91,0
LF:15
LH:0
BRDA:30,0,0,0
BRDA:30,0,1,0
BRDA:30,1,0,0
BRDA:30,1,1,0
BRDA:51,2,0,0
BRDA:51,2,1,0
BRDA:52,3,0,0
BRDA:52,3,1,0
BRDA:53,4,0,0
BRDA:53,4,1,0
BRDA:54,5,0,0
BRDA:54,5,1,0
BRDA:55,6,0,0
BRDA:55,6,1,0
BRF:14
BRH:0
end_of_record
TN:
SF:managers/player-manager.js
FN:17,(anonymous_0)
FN:34,(anonymous_1)
FN:37,(anonymous_2)
FN:51,(anonymous_3)
FN:54,(anonymous_4)
FN:77,(anonymous_5)
FN:80,(anonymous_6)
FN:81,(anonymous_7)
FN:95,(anonymous_8)
FN:106,(anonymous_9)
FN:136,(anonymous_10)
FN:138,(anonymous_11)
FN:139,(anonymous_12)
FN:146,(anonymous_13)
FN:154,(anonymous_14)
FN:162,(anonymous_15)
FN:173,(anonymous_16)
FN:188,(anonymous_17)
FN:198,(anonymous_18)
FN:207,(anonymous_19)
FN:223,(anonymous_20)
FN:224,(anonymous_21)
FN:227,(anonymous_22)
FN:239,(anonymous_23)
FN:241,(anonymous_24)
FN:248,(anonymous_25)
FN:249,(anonymous_26)
FN:268,(anonymous_27)
FN:270,(anonymous_28)
FN:294,(anonymous_29)
FN:295,(anonymous_30)
FN:312,(anonymous_31)
FN:342,(anonymous_32)
FN:355,(anonymous_33)
FN:367,(anonymous_34)
FN:378,(anonymous_35)
FN:396,(anonymous_36)
FN:416,(anonymous_37)
FN:445,(anonymous_38)
FN:472,(anonymous_39)
FN:484,(anonymous_40)
FN:492,(anonymous_41)
FN:505,(anonymous_42)
FN:543,(anonymous_43)
FN:569,(anonymous_44)
FNF:45
FNH:0
FNDA:0,(anonymous_0)
FNDA:0,(anonymous_1)
FNDA:0,(anonymous_2)
FNDA:0,(anonymous_3)
FNDA:0,(anonymous_4)
FNDA:0,(anonymous_5)
FNDA:0,(anonymous_6)
FNDA:0,(anonymous_7)
FNDA:0,(anonymous_8)
FNDA:0,(anonymous_9)
FNDA:0,(anonymous_10)
FNDA:0,(anonymous_11)
FNDA:0,(anonymous_12)
FNDA:0,(anonymous_13)
FNDA:0,(anonymous_14)
FNDA:0,(anonymous_15)
FNDA:0,(anonymous_16)
FNDA:0,(anonymous_17)
FNDA:0,(anonymous_18)
FNDA:0,(anonymous_19)
FNDA:0,(anonymous_20)
FNDA:0,(anonymous_21)
FNDA:0,(anonymous_22)
FNDA:0,(anonymous_23)
FNDA:0,(anonymous_24)
FNDA:0,(anonymous_25)
FNDA:0,(anonymous_26)
FNDA:0,(anonymous_27)
FNDA:0,(anonymous_28)
FNDA:0,(anonymous_29)
FNDA:0,(anonymous_30)
FNDA:0,(anonymous_31)
FNDA:0,(anonymous_32)
FNDA:0,(anonymous_33)
FNDA:0,(anonymous_34)
FNDA:0,(anonymous_35)
FNDA:0,(anonymous_36)
FNDA:0,(anonymous_37)
FNDA:0,(anonymous_38)
FNDA:0,(anonymous_39)
FNDA:0,(anonymous_40)
FNDA:0,(anonymous_41)
FNDA:0,(anonymous_42)
FNDA:0,(anonymous_43)
FNDA:0,(anonymous_44)
DA:18,0
DA:19,0
DA:20,0
DA:21,0
DA:22,0
DA:24,0
DA:36,0
DA:37,0
DA:38,0
DA:39,0
DA:43,0
DA:44,0
DA:52,0
DA:53,0
DA:54,0
DA:55,0
DA:57,0
DA:58,0
DA:59,0
DA:62,0
DA:65,0
DA:66,0
DA:67,0
DA:79,0
DA:80,0
DA:81,0
DA:82,0
DA:96,0
DA:99,0
DA:106,0
DA:107,0
DA:108,0
DA:109,0
DA:110,0
DA:112,0
DA:113,0
DA:114,0
DA:117,0
DA:119,0
DA:120,0
DA:121,0
DA:122,0
DA:129,0
DA:137,0
DA:138,0
DA:139,0
DA:147,0
DA:155,0
DA:163,0
DA:174,0
DA:177,0
DA:178,0
DA:181,0
DA:189,0
DA:192,0
DA:193,0
DA:194,0
DA:198,0
DA:199,0
DA:200,0
DA:201,0
DA:202,0
DA:203,0
DA:204,0
DA:205,0
DA:207,0
DA:208,0
DA:209,0
DA:210,0
DA:211,0
DA:217,0
DA:224,0
DA:225,0
DA:226,0
DA:227,0
DA:228,0
DA:230,0
DA:241,0
DA:242,0
DA:243,0
DA:247,0
DA:248,0
DA:250,0
DA:251,0
DA:254,0
DA:257,0
DA:258,0
DA:259,0
DA:260,0
DA:261,0
DA:262,0
DA:265,0
DA:268,0
DA:270,0
DA:271,0
DA:275,0
DA:276,0
DA:277,0
DA:278,0
DA:279,0
DA:284,0
DA:285,0
DA:295,0
DA:296,0
DA:297,0
DA:298,0
DA:299,0
DA:300,0
DA:301,0
DA:302,0
DA:303,0
DA:313,0
DA:314,0
DA:320,0
DA:321,0
DA:322,0
DA:323,0
DA:325,0
DA:343,0
DA:344,0
DA:356,0
DA:359,0
DA:360,0
DA:367,0
DA:368,0
DA:370,0
DA:371,0
DA:378,0
DA:379,0
DA:380,0
DA:387,0
DA:388,0
DA:389,0
DA:396,0
DA:397,0
DA:399,0
DA:400,0
DA:406,0
DA:417,0
DA:418,0
DA:421,0
DA:422,0
DA:423,0
DA:424,0
DA:427,0
DA:428,0
DA:432,0
DA:433,0
DA:435,0
DA:446,0
DA:447,0
DA:448,0
DA:449,0
DA:452,0
DA:453,0
DA:455,0
DA:457,0
DA:462,0
DA:465,0
DA:472,0
DA:473,0
DA:477,0
DA:485,0
DA:493,0
DA:506,0
DA:507,0
DA:508,0
DA:510,0
DA:512,0
DA:514,0
DA:517,0
DA:518,0
DA:522,0
DA:523,0
DA:524,0
DA:525,0
DA:530,0
DA:533,0
DA:534,0
DA:546,0
DA:548,0
DA:552,0
DA:556,0
DA:557,0
DA:558,0
DA:561,0
DA:566,0
DA:569,0
DA:570,0
DA:571,0
DA:572,0
DA:575,0
DA:580,0
DA:582,0
LF:194
LH:0
BRDA:36,0,0,0
BRDA:36,0,1,0
BRDA:53,1,0,0
BRDA:53,1,1,0
BRDA:57,2,0,0
BRDA:57,2,1,0
BRDA:57,3,0,0
BRDA:57,3,1,0
BRDA:66,4,0,0
BRDA:66,4,1,0
BRDA:108,5,0,0
BRDA:108,5,1,0
BRDA:109,6,0,0
BRDA:109,6,1,0
BRDA:113,7,0,0
BRDA:113,7,1,0
BRDA:120,8,0,0
BRDA:120,8,1,0
BRDA:177,9,0,0
BRDA:177,9,1,0
BRDA:192,10,0,0
BRDA:192,10,1,0
BRDA:200,11,0,0
BRDA:200,11,1,0
BRDA:226,12,0,0
BRDA:226,12,1,0
BRDA:226,13,0,0
BRDA:226,13,1,0
BRDA:243,14,0,0
BRDA:243,14,1,0
BRDA:251,15,0,0
BRDA:251,15,1,0
BRDA:257,16,0,0
BRDA:257,16,1,0
BRDA:271,17,0,0
BRDA:271,17,1,0
BRDA:275,18,0,0
BRDA:275,18,1,0
BRDA:275,19,0,0
BRDA:275,19,1,0
BRDA:284,20,0,0
BRDA:284,20,1,0
BRDA:284,21,0,0
BRDA:284,21,1,0
BRDA:297,22,0,0
BRDA:297,22,1,0
BRDA:313,23,0,0
BRDA:313,23,1,0
BRDA:359,24,0,0
BRDA:359,24,1,0
BRDA:370,25,0,0
BRDA:370,25,1,0
BRDA:379,26,0,0
BRDA:379,26,1,0
BRDA:388,27,0,0
BRDA:388,27,1,0
BRDA:399,28,0,0
BRDA:399,28,1,0
BRDA:417,29,0,0
BRDA:417,29,1,0
BRDA:427,30,0,0
BRDA:427,30,1,0
BRDA:427,31,0,0
BRDA:427,31,1,0
BRDA:427,31,2,0
BRDA:427,31,3,0
BRDA:453,32,0,0
BRDA:453,32,1,0
BRDA:505,33,0,0
BRDA:506,34,0,0
BRDA:506,34,1,0
BRDA:510,35,0,0
BRDA:510,35,1,0
BRDA:512,36,0,0
BRDA:512,36,1,0
BRDA:512,37,0,0
BRDA:512,37,1,0
BRDA:517,38,0,0
BRDA:517,38,1,0
BRDA:524,39,0,0
BRDA:524,39,1,0
BRDA:525,40,0,0
BRDA:525,40,1,0
BRDA:533,41,0,0
BRDA:533,41,1,0
BRDA:546,42,0,0
BRDA:546,42,1,0
BRDA:546,43,0,0
BRDA:546,43,1,0
BRDA:557,44,0,0
BRDA:557,44,1,0
BRDA:571,45,0,0
BRDA:571,45,1,0
BRDA:580,46,0,0
BRDA:580,46,1,0
BRF:95
BRH:0
end_of_record
TN:
SF:managers/state-manager.js
FN:14,(anonymous_0)
FN:24,(anonymous_1)
FN:56,(anonymous_2)
FN:78,(anonymous_3)
FN:105,(anonymous_4)
FN:135,(anonymous_5)
FN:170,(anonymous_6)
FN:193,(anonymous_7)
FN:195,(anonymous_8)
FN:210,(anonymous_9)
FN:236,(anonymous_10)
FN:239,(anonymous_11)
FN:260,(anonymous_12)
FN:277,(anonymous_13)
FN:290,(anonymous_14)
FN:300,(anonymous_15)
FNF:16
FNH:0
FNDA:0,(anonymous_0)
FNDA:0,(anonymous_1)
FNDA:0,(anonymous_2)
FNDA:0,(anonymous_3)
FNDA:0,(anonymous_4)
FNDA:0,(anonymous_5)
FNDA:0,(anonymous_6)
FNDA:0,(anonymous_7)
FNDA:0,(anonymous_8)
FNDA:0,(anonymous_9)
FNDA:0,(anonymous_10)
FNDA:0,(anonymous_11)
FNDA:0,(anonymous_12)
FNDA:0,(anonymous_13)
FNDA:0,(anonymous_14)
FNDA:0,(anonymous_15)
DA:15,0
DA:16,0
DA:17,0
DA:18,0
DA:25,0
DA:26,0
DA:37,0
DA:38,0
DA:39,0
DA:40,0
DA:42,0
DA:44,0
DA:49,0
DA:57,0
DA:58,0
DA:59,0
DA:60,0
DA:61,0
DA:63,0
DA:65,0
DA:70,0
DA:79,0
DA:80,0
DA:81,0
DA:87,0
DA:88,0
DA:91,0
DA:92,0
DA:94,0
DA:97,0
DA:106,0
DA:107,0
DA:110,0
DA:112,0
DA:114,0
DA:115,0
DA:116,0
DA:119,0
DA:120,0
DA:123,0
DA:128,0
DA:136,0
DA:137,0
DA:138,0
DA:139,0
DA:140,0
DA:144,0
DA:145,0
DA:148,0
DA:149,0
DA:152,0
DA:153,0
DA:156,0
DA:161,0
DA:162,0
DA:171,0
DA:173,0
DA:174,0
DA:178,0
DA:181,0
DA:194,0
DA:195,0
DA:196,0
DA:197,0
DA:199,0
DA:203,0
DA:211,0
DA:212,0
DA:222,0
DA:225,0
DA:237,0
DA:239,0
DA:240,0
DA:241,0
DA:242,0
DA:244,0
DA:249,0
DA:261,0
DA:262,0
DA:263,0
DA:265,0
DA:278,0
DA:279,0
DA:280,0
DA:282,0
DA:291,0
DA:292,0
DA:293,0
DA:295,0
DA:300,0
DA:303,0
LF:91
LH:0
BRDA:38,0,0,0
BRDA:38,0,1,0
BRDA:59,1,0,0
BRDA:59,1,1,0
BRDA:80,2,0,0
BRDA:80,2,1,0
BRDA:80,3,0,0
BRDA:80,3,1,0
BRDA:91,4,0,0
BRDA:91,4,1,0
BRDA:106,5,0,0
BRDA:106,5,1,0
BRDA:106,6,0,0
BRDA:106,6,1,0
BRDA:114,7,0,0
BRDA:114,7,1,0
BRDA:138,8,0,0
BRDA:138,8,1,0
BRDA:148,9,0,0
BRDA:148,9,1,0
BRDA:173,10,0,0
BRDA:173,10,1,0
BRDA:197,11,0,0
BRDA:197,11,1,0
BRDA:197,12,0,0
BRDA:197,12,1,0
BRDA:240,13,0,0
BRDA:240,13,1,0
BRDA:280,14,0,0
BRDA:280,14,1,0
BRDA:293,15,0,0
BRDA:293,15,1,0
BRDA:297,16,0,0
BRDA:297,16,1,0
BRDA:298,17,0,0
BRDA:298,17,1,0
BRDA:299,18,0,0
BRDA:299,18,1,0
BRF:38
BRH:0
end_of_record
TN:
SF:managers/storage-manager.js
FN:15,(anonymous_0)
FN:30,(anonymous_1)
FN:65,(anonymous_2)
FN:100,(anonymous_3)
FN:107,(anonymous_4)
FN:123,(anonymous_5)
FN:155,(anonymous_6)
FN:170,(anonymous_7)
FN:203,(anonymous_8)
FN:235,(anonymous_9)
FN:236,(anonymous_10)
FN:240,(anonymous_11)
FN:255,(anonymous_12)
FN:272,(anonymous_13)
FN:312,(anonymous_14)
FN:341,(anonymous_15)
FN:375,(anonymous_16)
FN:393,(anonymous_17)
FNF:18
FNH:16
FNDA:24,(anonymous_0)
FNDA:3,(anonymous_1)
FNDA:4,(anonymous_2)
FNDA:0,(anonymous_3)
FNDA:4,(anonymous_4)
FNDA:4,(anonymous_5)
FNDA:9,(anonymous_6)
FNDA:1,(anonymous_7)
FNDA:1,(anonymous_8)
FNDA:2,(anonymous_9)
FNDA:2,(anonymous_10)
FNDA:2,(anonymous_11)
FNDA:0,(anonymous_12)
FNDA:6,(anonymous_13)
FNDA:5,(anonymous_14)
FNDA:2,(anonymous_15)
FNDA:1,(anonymous_16)
FNDA:1,(anonymous_17)
DA:16,24
DA:17,24
DA:18,24
DA:31,3
DA:34,3
DA:43,3
DA:46,3
DA:51,1
DA:54,1
DA:56,2
DA:57,2
DA:66,4
DA:69,4
DA:72,3
DA:74,1
DA:77,2
DA:81,1
DA:83,1
DA:85,0
DA:86,0
DA:87,0
DA:90,2
DA:91,2
DA:92,2
DA:101,0
DA:108,4
DA:109,4
DA:112,1
DA:124,4
DA:125,4
DA:126,4
DA:128,4
DA:135,4
DA:138,4
DA:141,4
DA:142,0
DA:145,4
DA:147,3
DA:156,9
DA:157,9
DA:158,9
DA:160,3
DA:161,3
DA:171,1
DA:172,1
DA:173,1
DA:174,0
DA:175,0
DA:178,1
DA:179,1
DA:181,1
DA:182,1
DA:184,1
DA:186,0
DA:187,0
DA:190,0
DA:191,0
DA:204,1
DA:205,1
DA:211,1
DA:212,1
DA:214,1
DA:215,1
DA:216,1
DA:217,1
DA:219,1
DA:220,0
DA:221,0
DA:223,0
DA:226,1
DA:236,2
DA:237,2
DA:238,2
DA:240,2
DA:241,2
DA:242,2
DA:244,1
DA:246,1
DA:248,0
DA:251,1
DA:255,2
DA:256,2
DA:258,0
DA:275,6
DA:276,1
DA:277,1
DA:281,5
DA:282,5
DA:283,17
DA:284,1
DA:285,1
DA:292,4
DA:293,0
DA:294,0
DA:298,4
DA:299,0
DA:300,0
DA:304,4
DA:315,5
DA:316,1
DA:317,1
DA:321,4
DA:322,20
DA:323,0
DA:324,0
DA:327,20
DA:328,0
DA:329,0
DA:334,4
DA:342,2
DA:345,2
DA:346,2
DA:350,2
DA:351,2
DA:352,2
DA:354,2
DA:364,2
DA:366,0
DA:367,0
DA:376,1
DA:377,1
DA:378,1
DA:380,1
DA:381,1
DA:385,0
DA:394,1
DA:395,1
DA:396,1
DA:398,1
DA:399,1
DA:400,1
DA:402,1
DA:404,1
DA:406,0
DA:407,0
LF:135
LH:106
BRDA:72,0,0,1
BRDA:72,0,1,2
BRDA:81,1,0,1
BRDA:81,1,1,0
BRDA:126,2,0,0
BRDA:126,2,1,4
BRDA:141,3,0,0
BRDA:141,3,1,4
BRDA:158,4,0,8
BRDA:158,4,1,1
BRDA:173,5,0,0
BRDA:173,5,1,1
BRDA:173,6,0,1
BRDA:173,6,1,1
BRDA:181,7,0,1
BRDA:181,7,1,0
BRDA:244,8,0,1
BRDA:244,8,1,0
BRDA:275,9,0,1
BRDA:275,9,1,5
BRDA:275,10,0,6
BRDA:275,10,1,6
BRDA:283,11,0,1
BRDA:283,11,1,16
BRDA:292,12,0,0
BRDA:292,12,1,4
BRDA:298,13,0,0
BRDA:298,13,1,4
BRDA:298,14,0,4
BRDA:298,14,1,4
BRDA:315,15,0,1
BRDA:315,15,1,4
BRDA:315,16,0,5
BRDA:315,16,1,5
BRDA:322,17,0,0
BRDA:322,17,1,20
BRDA:327,18,0,0
BRDA:327,18,1,20
BRDA:350,19,0,1
BRDA:350,19,1,1
BRDA:351,20,0,1
BRDA:351,20,1,1
BRDA:375,21,0,0
BRDA:378,22,0,0
BRDA:378,22,1,1
BRF:45
BRH:33
end_of_record
TN:
SF:utils/analytics.js
FN:14,(anonymous_0)
FN:23,(anonymous_1)
FN:39,(anonymous_2)
FN:51,(anonymous_3)
FN:72,(anonymous_4)
FN:99,(anonymous_5)
FN:111,(anonymous_6)
FN:127,(anonymous_7)
FN:145,(anonymous_8)
FN:161,(anonymous_9)
FN:176,(anonymous_10)
FN:192,(anonymous_11)
FN:208,(anonymous_12)
FN:224,(anonymous_13)
FNF:14
FNH:0
FNDA:0,(anonymous_0)
FNDA:0,(anonymous_1)
FNDA:0,(anonymous_2)
FNDA:0,(anonymous_3)
FNDA:0,(anonymous_4)
FNDA:0,(anonymous_5)
FNDA:0,(anonymous_6)
FNDA:0,(anonymous_7)
FNDA:0,(anonymous_8)
FNDA:0,(anonymous_9)
FNDA:0,(anonymous_10)
FNDA:0,(anonymous_11)
FNDA:0,(anonymous_12)
FNDA:0,(anonymous_13)
DA:15,0
DA:24,0
DA:26,0
DA:40,0
DA:43,0
DA:51,0
DA:52,0
DA:53,0
DA:54,0
DA:73,0
DA:75,0
DA:84,0
DA:85,0
DA:100,0
DA:102,0
DA:110,0
DA:111,0
DA:112,0
DA:128,0
DA:130,0
DA:146,0
DA:148,0
DA:162,0
DA:164,0
DA:177,0
DA:179,0
DA:193,0
DA:195,0
DA:209,0
DA:211,0
DA:225,0
DA:227,0
LF:32
LH:0
BRDA:23,0,0,0
BRDA:24,1,0,0
BRDA:24,1,1,0
BRDA:27,2,0,0
BRDA:27,2,1,0
BRDA:40,3,0,0
BRDA:40,3,1,0
BRDA:53,4,0,0
BRDA:53,4,1,0
BRDA:53,5,0,0
BRDA:53,5,1,0
BRDA:57,6,0,0
BRDA:57,6,1,0
BRDA:59,7,0,0
BRDA:59,7,1,0
BRDA:72,8,0,0
BRDA:73,9,0,0
BRDA:73,9,1,0
BRDA:84,10,0,0
BRDA:84,10,1,0
BRDA:99,11,0,0
BRDA:100,12,0,0
BRDA:100,12,1,0
BRDA:110,13,0,0
BRDA:110,13,1,0
BRDA:110,14,0,0
BRDA:110,14,1,0
BRDA:128,15,0,0
BRDA:128,15,1,0
BRDA:145,16,0,0
BRDA:146,17,0,0
BRDA:146,17,1,0
BRDA:162,18,0,0
BRDA:162,18,1,0
BRDA:177,19,0,0
BRDA:177,19,1,0
BRDA:192,20,0,0
BRDA:193,21,0,0
BRDA:193,21,1,0
BRDA:209,22,0,0
BRDA:209,22,1,0
BRDA:224,23,0,0
BRDA:225,24,0,0
BRDA:225,24,1,0
BRF:44
BRH:0
end_of_record
TN:
SF:utils/error-handler.js
FN:42,(anonymous_0)
FN:97,(anonymous_1)
FN:113,(anonymous_2)
FN:130,(anonymous_3)
FN:146,(anonymous_4)
FN:162,(anonymous_5)
FN:177,(anonymous_6)
FN:192,(anonymous_7)
FN:221,(anonymous_8)
FN:248,(anonymous_9)
FN:261,(anonymous_10)
FNF:11
FNH:5
FNDA:4,(anonymous_0)
FNDA:4,(anonymous_1)
FNDA:0,(anonymous_2)
FNDA:0,(anonymous_3)
FNDA:0,(anonymous_4)
FNDA:0,(anonymous_5)
FNDA:0,(anonymous_6)
FNDA:4,(anonymous_7)
FNDA:4,(anonymous_8)
FNDA:4,(anonymous_9)
FNDA:0,(anonymous_10)
DA:10,1
DA:20,1
DA:50,4
DA:53,4
DA:56,4
DA:59,4
DA:71,4
DA:74,4
DA:75,0
DA:76,0
DA:78,0
DA:83,4
DA:84,0
DA:85,0
DA:88,4
DA:98,4
DA:114,0
DA:131,0
DA:147,0
DA:163,0
DA:164,0
DA:166,0
DA:167,0
DA:178,0
DA:179,0
DA:181,0
DA:182,0
DA:193,4
DA:194,4
DA:201,0
DA:202,0
DA:209,0
DA:222,4
DA:223,4
DA:225,4
DA:227,0
DA:228,0
DA:230,4
DA:231,4
DA:233,0
DA:234,0
DA:236,0
DA:237,0
DA:239,0
DA:249,4
DA:250,4
DA:251,4
DA:262,0
DA:265,0
DA:266,0
DA:270,0
DA:271,0
DA:274,0
DA:282,1
DA:283,1
LF:55
LH:23
BRDA:42,0,0,0
BRDA:44,1,0,0
BRDA:45,2,0,0
BRDA:46,3,0,0
BRDA:47,4,0,4
BRDA:48,5,0,0
BRDA:49,6,0,0
BRDA:74,7,0,0
BRDA:74,7,1,4
BRDA:83,8,0,0
BRDA:83,8,1,4
BRDA:83,9,0,4
BRDA:83,9,1,4
BRDA:162,10,0,0
BRDA:177,11,0,0
BRDA:193,12,0,4
BRDA:193,12,1,0
BRDA:201,13,0,0
BRDA:201,13,1,0
BRDA:225,14,0,0
BRDA:225,14,1,4
BRDA:225,14,2,0
BRDA:225,14,3,0
BRDA:225,14,4,0
BRDA:265,15,0,0
BRDA:265,15,1,0
BRDA:270,16,0,0
BRDA:270,16,1,0
BRDA:271,17,0,0
BRDA:271,17,1,0
BRDA:282,18,0,1
BRDA:282,18,1,0
BRF:32
BRH:8
end_of_record
TN:
SF:utils/security.js
FN:13,(anonymous_0)
FN:24,(anonymous_1)
FN:37,(anonymous_2)
FN:54,(anonymous_3)
FN:68,(anonymous_4)
FN:81,(anonymous_5)
FN:95,(anonymous_6)
FN:102,(anonymous_7)
FN:117,(anonymous_8)
FN:125,(anonymous_9)
FN:133,(anonymous_10)
FN:145,(anonymous_11)
FN:154,(anonymous_12)
FN:205,(anonymous_13)
FN:212,(anonymous_14)
FN:267,(anonymous_15)
FN:279,(anonymous_16)
FNF:17
FNH:17
FNDA:7,(anonymous_0)
FNDA:3,(anonymous_1)
FNDA:8,(anonymous_2)
FNDA:9,(anonymous_3)
FNDA:17,(anonymous_4)
FNDA:44,(anonymous_5)
FNDA:2,(anonymous_6)
FNDA:5,(anonymous_7)
FNDA:15,(anonymous_8)
FNDA:10,(anonymous_9)
FNDA:4,(anonymous_10)
FNDA:8,(anonymous_11)
FNDA:107,(anonymous_12)
FNDA:3,(anonymous_13)
FNDA:4,(anonymous_14)
FNDA:4,(anonymous_15)
FNDA:1,(anonymous_16)
DA:14,7
DA:15,3
DA:25,3
DA:27,2
DA:28,2
DA:38,8
DA:41,5
DA:55,9
DA:57,6
DA:69,17
DA:72,14
DA:73,14
DA:83,44
DA:85,44
DA:96,2
DA:99,2
DA:102,2
DA:103,5
DA:104,4
DA:108,2
DA:118,15
DA:119,15
DA:122,15
DA:125,10
DA:134,4
DA:136,1
DA:145,8
DA:155,107
DA:156,107
DA:166,107
DA:168,0
DA:169,0
DA:171,0
DA:172,0
DA:174,3
DA:175,3
DA:177,104
DA:178,104
DA:180,0
DA:184,107
DA:185,107
DA:186,107
DA:189,107
DA:190,1
DA:193,107
DA:195,0
DA:206,3
DA:212,3
DA:213,4
DA:216,4
DA:217,1
DA:218,1
DA:219,1
DA:223,3
DA:224,0
DA:225,0
DA:229,3
DA:232,3
DA:233,1
DA:234,1
DA:237,3
DA:238,0
DA:239,0
DA:243,3
DA:244,0
DA:245,0
DA:249,3
DA:253,3
DA:254,2
DA:260,3
DA:268,4
DA:269,4
DA:271,0
DA:272,0
DA:280,1
DA:281,1
DA:283,0
LF:77
LH:62
BRDA:14,0,0,3
BRDA:14,0,1,4
BRDA:14,1,0,7
BRDA:14,1,1,6
BRDA:25,2,0,2
BRDA:25,2,1,1
BRDA:25,3,0,3
BRDA:25,3,1,2
BRDA:38,4,0,3
BRDA:38,4,1,5
BRDA:55,5,0,3
BRDA:55,5,1,6
BRDA:69,6,0,3
BRDA:69,6,1,14
BRDA:85,7,0,44
BRDA:85,7,1,41
BRDA:85,7,2,38
BRDA:85,7,3,37
BRDA:95,8,0,0
BRDA:103,9,0,4
BRDA:103,9,1,1
BRDA:122,10,0,5
BRDA:122,10,1,10
BRDA:134,11,0,3
BRDA:134,11,1,1
BRDA:154,12,0,2
BRDA:166,13,0,0
BRDA:166,13,1,0
BRDA:166,13,2,3
BRDA:166,13,3,104
BRDA:166,13,4,0
BRDA:185,14,0,107
BRDA:185,14,1,7
BRDA:189,15,0,1
BRDA:189,15,1,106
BRDA:216,16,0,1
BRDA:216,16,1,3
BRDA:216,17,0,4
BRDA:216,17,1,4
BRDA:216,17,2,3
BRDA:223,18,0,0
BRDA:223,18,1,3
BRDA:223,19,0,3
BRDA:223,19,1,3
BRDA:232,20,0,1
BRDA:232,20,1,2
BRDA:232,21,0,3
BRDA:232,21,1,2
BRDA:237,22,0,0
BRDA:237,22,1,3
BRDA:237,23,0,3
BRDA:237,23,1,3
BRDA:243,24,0,0
BRDA:243,24,1,3
BRDA:243,25,0,3
BRDA:243,25,1,0
BRDA:253,26,0,2
BRDA:253,26,1,1
BRDA:269,27,0,4
BRDA:269,27,1,1
BRF:60
BRH:52
end_of_record
TN:
SF:utils/validation.js
FN:16,(anonymous_0)
FN:30,(anonymous_1)
FN:86,(anonymous_2)
FN:88,(anonymous_3)
FN:101,(anonymous_4)
FN:119,(anonymous_5)
FN:127,(anonymous_6)
FN:145,(anonymous_7)
FN:194,(anonymous_8)
FN:216,(anonymous_9)
FN:244,(anonymous_10)
FN:268,(anonymous_11)
FN:292,(anonymous_12)
FN:319,(anonymous_13)
FN:322,(anonymous_14)
FN:340,(anonymous_15)
FN:355,(anonymous_16)
FN:393,(anonymous_17)
FN:403,(anonymous_18)
FN:432,(anonymous_19)
FN:441,(anonymous_20)
FN:451,(anonymous_21)
FNF:22
FNH:11
FNDA:16,(anonymous_0)
FNDA:3,(anonymous_1)
FNDA:5,(anonymous_2)
FNDA:13,(anonymous_3)
FNDA:3,(anonymous_4)
FNDA:1,(anonymous_5)
FNDA:5,(anonymous_6)
FNDA:4,(anonymous_7)
FNDA:9,(anonymous_8)
FNDA:0,(anonymous_9)
FNDA:0,(anonymous_10)
FNDA:0,(anonymous_11)
FNDA:0,(anonymous_12)
FNDA:0,(anonymous_13)
FNDA:0,(anonymous_14)
FNDA:0,(anonymous_15)
FNDA:12,(anonymous_16)
FNDA:12,(anonymous_17)
FNDA:0,(anonymous_18)
FNDA:0,(anonymous_19)
FNDA:0,(anonymous_20)
FNDA:0,(anonymous_21)
DA:17,16
DA:31,3
DA:41,3
DA:42,3
DA:43,3
DA:44,1
DA:48,3
DA:49,3
DA:50,3
DA:51,0
DA:55,3
DA:56,3
DA:57,3
DA:58,1
DA:62,3
DA:63,3
DA:64,0
DA:65,0
DA:66,0
DA:67,0
DA:70,3
DA:74,3
DA:79,3
DA:87,5
DA:88,13
DA:90,5
DA:102,3
DA:120,1
DA:121,1
DA:127,1
DA:128,5
DA:129,0
DA:130,0
DA:131,0
DA:132,0
DA:137,1
DA:146,4
DA:147,4
DA:149,4
DA:150,0
DA:156,4
DA:157,4
DA:160,4
DA:161,0
DA:168,4
DA:169,1
DA:175,3
DA:176,0
DA:182,3
DA:195,9
DA:202,9
DA:217,0
DA:219,0
DA:220,0
DA:223,0
DA:224,0
DA:227,0
DA:228,0
DA:231,0
DA:245,0
DA:247,0
DA:248,0
DA:251,0
DA:252,0
DA:255,0
DA:269,0
DA:271,0
DA:272,0
DA:275,0
DA:276,0
DA:279,0
DA:293,0
DA:295,0
DA:296,0
DA:299,0
DA:300,0
DA:303,0
DA:320,0
DA:322,0
DA:323,0
DA:324,0
DA:328,0
DA:341,0
DA:342,0
DA:343,0
DA:344,0
DA:356,12
DA:357,3
DA:363,9
DA:364,5
DA:370,4
DA:371,1
DA:377,3
DA:394,12
DA:404,0
DA:405,0
DA:411,0
DA:412,0
DA:418,0
DA:433,0
DA:434,0
DA:442,0
DA:452,0
DA:453,0
DA:454,0
DA:456,0
LF:106
LH:47
BRDA:43,0,0,1
BRDA:43,0,1,2
BRDA:50,1,0,0
BRDA:50,1,1,3
BRDA:57,2,0,1
BRDA:57,2,1,2
BRDA:63,3,0,0
BRDA:63,3,1,3
BRDA:63,4,0,3
BRDA:63,4,1,0
BRDA:66,5,0,0
BRDA:66,5,1,0
BRDA:74,6,0,3
BRDA:74,6,1,2
BRDA:74,6,2,2
BRDA:74,6,3,1
BRDA:92,7,0,3
BRDA:92,7,1,2
BRDA:103,8,0,3
BRDA:103,8,1,3
BRDA:104,9,0,3
BRDA:104,9,1,3
BRDA:105,10,0,3
BRDA:105,10,1,3
BRDA:106,11,0,3
BRDA:106,11,1,3
BRDA:107,12,0,3
BRDA:107,12,1,3
BRDA:128,13,0,0
BRDA:128,13,1,5
BRDA:130,14,0,0
BRDA:130,14,1,0
BRDA:149,15,0,0
BRDA:149,15,1,4
BRDA:160,16,0,0
BRDA:160,16,1,4
BRDA:168,17,0,1
BRDA:168,17,1,3
BRDA:175,18,0,0
BRDA:175,18,1,3
BRDA:202,19,0,9
BRDA:202,19,1,0
BRDA:219,20,0,0
BRDA:219,20,1,0
BRDA:219,21,0,0
BRDA:219,21,1,0
BRDA:223,22,0,0
BRDA:223,22,1,0
BRDA:223,23,0,0
BRDA:223,23,1,0
BRDA:223,23,2,0
BRDA:223,23,3,0
BRDA:227,24,0,0
BRDA:227,24,1,0
BRDA:227,25,0,0
BRDA:227,25,1,0
BRDA:234,26,0,0
BRDA:234,26,1,0
BRDA:247,27,0,0
BRDA:247,27,1,0
BRDA:247,28,0,0
BRDA:247,28,1,0
BRDA:251,29,0,0
BRDA:251,29,1,0
BRDA:251,30,0,0
BRDA:251,30,1,0
BRDA:251,30,2,0
BRDA:251,30,3,0
BRDA:258,31,0,0
BRDA:258,31,1,0
BRDA:271,32,0,0
BRDA:271,32,1,0
BRDA:271,33,0,0
BRDA:271,33,1,0
BRDA:275,34,0,0
BRDA:275,34,1,0
BRDA:275,35,0,0
BRDA:275,35,1,0
BRDA:275,35,2,0
BRDA:275,35,3,0
BRDA:282,36,0,0
BRDA:282,36,1,0
BRDA:295,37,0,0
BRDA:295,37,1,0
BRDA:295,38,0,0
BRDA:295,38,1,0
BRDA:299,39,0,0
BRDA:299,39,1,0
BRDA:299,40,0,0
BRDA:299,40,1,0
BRDA:299,40,2,0
BRDA:299,40,3,0
BRDA:306,41,0,0
BRDA:306,41,1,0
BRDA:323,42,0,0
BRDA:323,42,1,0
BRDA:331,43,0,0
BRDA:331,43,1,0
BRDA:341,44,0,0
BRDA:341,44,1,0
BRDA:341,45,0,0
BRDA:341,45,1,0
BRDA:342,46,0,0
BRDA:342,46,1,0
BRDA:343,47,0,0
BRDA:343,47,1,0
BRDA:355,48,0,0
BRDA:356,49,0,3
BRDA:356,49,1,9
BRDA:363,50,0,5
BRDA:363,50,1,4
BRDA:370,51,0,1
BRDA:370,51,1,3
BRDA:404,52,0,0
BRDA:404,52,1,0
BRDA:404,53,0,0
BRDA:404,53,1,0
BRDA:411,54,0,0
BRDA:411,54,1,0
BRDA:433,55,0,0
BRDA:433,55,1,0
BRF:121
BRH:36
end_of_record
