TN:
SF:games/base-game.js
FN:9,(anonymous_0)
FN:25,(anonymous_1)
FN:35,(anonymous_2)
FN:44,(anonymous_3)
FN:60,(anonymous_4)
FN:62,(anonymous_5)
FN:70,(anonymous_6)
FN:79,(anonymous_7)
FN:80,(anonymous_8)
FN:86,(anonymous_9)
FN:94,(anonymous_10)
FN:102,(anonymous_11)
FN:110,(anonymous_12)
FN:112,(anonymous_13)
FN:122,(anonymous_14)
FN:130,(anonymous_15)
FN:138,(anonymous_16)
FNF:17
FNH:17
FNDA:206,(anonymous_0)
FNDA:1,(anonymous_1)
FNDA:2,(anonymous_2)
FNDA:157,(anonymous_3)
FNDA:3,(anonymous_4)
FNDA:10,(anonymous_5)
FNDA:2,(anonymous_6)
FNDA:14,(anonymous_7)
FNDA:30,(anonymous_8)
FNDA:2,(anonymous_9)
FNDA:1,(anonymous_10)
FNDA:3,(anonymous_11)
FNDA:39,(anonymous_12)
FNDA:117,(anonymous_13)
FNDA:20,(anonymous_14)
FNDA:67,(anonymous_15)
FNDA:18,(anonymous_16)
DA:10,206
DA:11,206
DA:12,206
DA:17,206
DA:26,1
DA:36,2
DA:45,157
DA:46,4
DA:49,152
DA:50,152
DA:51,152
DA:52,152
DA:61,3
DA:62,10
DA:63,3
DA:71,2
DA:80,30
DA:87,2
DA:95,1
DA:103,3
DA:111,39
DA:112,39
DA:113,117
DA:115,39
DA:123,20
DA:131,67
DA:139,18
LF:27
LH:27
BRDA:9,0,0,6
BRDA:11,1,0,206
BRDA:11,1,1,2
BRDA:45,2,0,4
BRDA:45,2,1,152
BRDA:49,3,0,152
BRDA:49,3,1,151
BRDA:50,4,0,152
BRDA:50,4,1,151
BRF:9
BRH:9
end_of_record
TN:
SF:games/index.js
FN:28,createGame
FNF:1
FNH:0
FNDA:0,createGame
DA:29,0
DA:31,0
DA:33,0
DA:35,0
DA:37,0
DA:39,0
DA:41,0
LF:7
LH:0
BRDA:28,0,0,0
BRDA:29,1,0,0
BRDA:29,1,1,0
BRDA:29,1,2,0
BRDA:29,1,3,0
BRDA:29,1,4,0
BRDA:29,1,5,0
BRF:7
BRH:0
end_of_record
TN:
SF:games/kp-game.js
FN:10,(anonymous_0)
FN:18,(anonymous_1)
FN:21,(anonymous_2)
FN:27,(anonymous_3)
FN:43,(anonymous_4)
FN:67,(anonymous_5)
FN:72,(anonymous_6)
FN:73,(anonymous_7)
FN:88,(anonymous_8)
FN:89,(anonymous_9)
FN:98,(anonymous_10)
FN:99,(anonymous_11)
FN:107,(anonymous_12)
FN:108,(anonymous_13)
FN:116,(anonymous_14)
FN:117,(anonymous_15)
FNF:16
FNH:16
FNDA:12,(anonymous_0)
FNDA:2,(anonymous_1)
FNDA:4,(anonymous_2)
FNDA:12,(anonymous_3)
FNDA:20,(anonymous_4)
FNDA:1,(anonymous_5)
FNDA:3,(anonymous_6)
FNDA:6,(anonymous_7)
FNDA:1,(anonymous_8)
FNDA:3,(anonymous_9)
FNDA:1,(anonymous_10)
FNDA:3,(anonymous_11)
FNDA:3,(anonymous_12)
FNDA:2,(anonymous_13)
FNDA:3,(anonymous_14)
FNDA:2,(anonymous_15)
DA:11,12
DA:19,2
DA:21,2
DA:22,4
DA:23,4
DA:26,4
DA:27,4
DA:28,12
DA:29,8
DA:32,4
DA:35,2
DA:45,20
DA:46,20
DA:47,2
DA:51,18
DA:52,1
DA:56,17
DA:57,1
DA:60,16
DA:68,1
DA:71,1
DA:72,1
DA:73,6
DA:76,1
DA:89,3
DA:99,3
DA:108,3
DA:117,3
DA:118,3
LF:29
LH:29
BRDA:10,0,0,12
BRDA:26,1,0,4
BRDA:26,1,1,1
BRDA:28,2,0,8
BRDA:28,2,1,4
BRDA:45,3,0,20
BRDA:45,3,1,2
BRDA:46,4,0,2
BRDA:46,4,1,18
BRDA:46,5,0,20
BRDA:46,5,1,19
BRDA:51,6,0,1
BRDA:51,6,1,17
BRDA:56,7,0,1
BRDA:56,7,1,16
BRDA:56,8,0,17
BRDA:56,8,1,17
BRDA:73,9,0,6
BRDA:73,9,1,0
BRDA:89,10,0,3
BRDA:89,10,1,0
BRDA:98,11,0,1
BRDA:118,12,0,1
BRDA:118,12,1,2
BRF:24
BRH:22
end_of_record
TN:
SF:games/murph-game.js
FN:10,(anonymous_0)
FN:18,(anonymous_1)
FN:21,(anonymous_2)
FN:30,(anonymous_3)
FN:38,(anonymous_4)
FN:55,(anonymous_5)
FN:83,(anonymous_6)
FN:85,(anonymous_7)
FN:86,(anonymous_8)
FN:101,(anonymous_9)
FN:102,(anonymous_10)
FN:110,(anonymous_11)
FN:114,(anonymous_12)
FNF:13
FNH:13
FNDA:23,(anonymous_0)
FNDA:5,(anonymous_1)
FNDA:6,(anonymous_2)
FNDA:13,(anonymous_3)
FNDA:8,(anonymous_4)
FNDA:32,(anonymous_5)
FNDA:2,(anonymous_6)
FNDA:2,(anonymous_7)
FNDA:2,(anonymous_8)
FNDA:10,(anonymous_9)
FNDA:40,(anonymous_10)
FNDA:5,(anonymous_11)
FNDA:4,(anonymous_12)
DA:11,23
DA:19,5
DA:21,5
DA:22,6
DA:23,6
DA:26,6
DA:28,6
DA:30,4
DA:31,13
DA:32,9
DA:35,4
DA:38,2
DA:39,8
DA:40,6
DA:43,2
DA:47,5
DA:57,32
DA:58,1
DA:62,31
DA:63,1
DA:67,30
DA:68,1
DA:72,29
DA:73,2
DA:76,27
DA:84,2
DA:85,2
DA:86,2
DA:88,2
DA:102,40
DA:111,5
DA:112,5
DA:114,4
DA:115,2
LF:34
LH:34
BRDA:10,0,0,0
BRDA:26,1,0,6
BRDA:26,1,1,2
BRDA:28,2,0,4
BRDA:28,2,1,2
BRDA:31,3,0,9
BRDA:31,3,1,4
BRDA:39,4,0,6
BRDA:39,4,1,2
BRDA:57,5,0,1
BRDA:57,5,1,31
BRDA:57,6,0,32
BRDA:57,6,1,32
BRDA:57,6,2,31
BRDA:62,7,0,1
BRDA:62,7,1,30
BRDA:67,8,0,1
BRDA:67,8,1,29
BRDA:67,9,0,30
BRDA:67,9,1,30
BRDA:72,10,0,2
BRDA:72,10,1,27
BRDA:85,11,0,2
BRDA:85,11,1,1
BRDA:86,12,0,2
BRDA:86,12,1,1
BRDA:92,13,0,1
BRDA:92,13,1,1
BRDA:112,14,0,3
BRDA:112,14,1,2
BRDA:114,15,0,4
BRDA:114,15,1,2
BRF:32
BRH:31
end_of_record
TN:
SF:games/skins-game.js
FN:10,(anonymous_0)
FN:24,(anonymous_1)
FN:27,(anonymous_2)
FN:55,(anonymous_3)
FN:61,(anonymous_4)
FN:65,(anonymous_5)
FN:70,(anonymous_6)
FN:74,(anonymous_7)
FN:87,(anonymous_8)
FN:91,(anonymous_9)
FN:105,(anonymous_10)
FN:135,(anonymous_11)
FN:159,(anonymous_12)
FN:168,(anonymous_13)
FN:177,(anonymous_14)
FN:188,(anonymous_15)
FN:190,(anonymous_16)
FNF:17
FNH:17
FNDA:49,(anonymous_0)
FNDA:10,(anonymous_1)
FNDA:18,(anonymous_2)
FNDA:4,(anonymous_3)
FNDA:6,(anonymous_4)
FNDA:6,(anonymous_5)
FNDA:2,(anonymous_6)
FNDA:2,(anonymous_7)
FNDA:6,(anonymous_8)
FNDA:18,(anonymous_9)
FNDA:99,(anonymous_10)
FNDA:42,(anonymous_11)
FNDA:6,(anonymous_12)
FNDA:10,(anonymous_13)
FNDA:2,(anonymous_14)
FNDA:6,(anonymous_15)
FNDA:11,(anonymous_16)
DA:11,49
DA:17,49
DA:25,10
DA:27,10
DA:28,18
DA:30,8
DA:33,10
DA:34,10
DA:36,10
DA:38,4
DA:41,6
DA:45,10
DA:56,4
DA:57,4
DA:59,4
DA:61,3
DA:62,6
DA:65,3
DA:66,6
DA:68,1
DA:70,1
DA:71,2
DA:74,1
DA:75,2
DA:88,6
DA:91,6
DA:92,18
DA:93,6
DA:95,12
DA:107,99
DA:108,3
DA:112,96
DA:113,3
DA:117,93
DA:118,45
DA:122,48
DA:123,14
DA:126,34
DA:136,42
DA:137,1
DA:141,41
DA:142,41
DA:145,41
DA:146,22
DA:149,19
DA:152,41
DA:160,6
DA:169,10
DA:170,10
DA:178,2
DA:189,6
DA:190,11
DA:191,6
DA:193,6
LF:54
LH:54
BRDA:10,0,0,41
BRDA:17,1,0,49
BRDA:17,1,1,41
BRDA:28,2,0,8
BRDA:28,2,1,10
BRDA:34,3,0,10
BRDA:34,3,1,0
BRDA:36,4,0,4
BRDA:36,4,1,6
BRDA:36,5,0,10
BRDA:36,5,1,10
BRDA:36,5,2,10
BRDA:56,6,0,4
BRDA:56,6,1,0
BRDA:57,7,0,4
BRDA:57,7,1,0
BRDA:59,8,0,3
BRDA:59,8,1,1
BRDA:68,9,0,1
BRDA:68,9,1,0
BRDA:92,10,0,6
BRDA:92,10,1,12
BRDA:107,11,0,3
BRDA:107,11,1,96
BRDA:107,12,0,99
BRDA:107,12,1,98
BRDA:112,13,0,3
BRDA:112,13,1,93
BRDA:112,14,0,96
BRDA:112,14,1,95
BRDA:117,15,0,45
BRDA:117,15,1,48
BRDA:122,16,0,14
BRDA:122,16,1,34
BRDA:122,17,0,48
BRDA:122,17,1,48
BRDA:122,17,2,48
BRDA:136,18,0,1
BRDA:136,18,1,41
BRDA:142,19,0,22
BRDA:142,19,1,19
BRDA:145,20,0,22
BRDA:145,20,1,19
BRDA:168,21,0,2
BRDA:198,22,0,6
BRDA:198,22,1,6
BRF:46
BRH:42
end_of_record
TN:
SF:games/snake-game.js
FN:10,(anonymous_0)
FN:18,(anonymous_1)
FN:41,(anonymous_2)
FN:58,(anonymous_3)
FN:73,(anonymous_4)
FN:96,(anonymous_5)
FN:101,(anonymous_6)
FN:102,(anonymous_7)
FN:123,(anonymous_8)
FN:124,(anonymous_9)
FN:131,(anonymous_10)
FN:139,(anonymous_11)
FN:149,(anonymous_12)
FN:158,(anonymous_13)
FN:159,(anonymous_14)
FN:166,(anonymous_15)
FNF:16
FNH:16
FNDA:50,(anonymous_0)
FNDA:11,(anonymous_1)
FNDA:13,(anonymous_2)
FNDA:12,(anonymous_3)
FNDA:68,(anonymous_4)
FNDA:6,(anonymous_5)
FNDA:18,(anonymous_6)
FNDA:30,(anonymous_7)
FNDA:4,(anonymous_8)
FNDA:12,(anonymous_9)
FNDA:3,(anonymous_10)
FNDA:6,(anonymous_11)
FNDA:4,(anonymous_12)
FNDA:39,(anonymous_13)
FNDA:63,(anonymous_14)
FNDA:2,(anonymous_15)
DA:11,50
DA:19,11
DA:21,11
DA:22,2
DA:25,9
DA:26,9
DA:27,9
DA:32,9
DA:34,5
DA:35,5
DA:38,5
DA:39,5
DA:41,5
DA:42,13
DA:43,8
DA:51,4
DA:52,4
DA:55,4
DA:56,4
DA:58,4
DA:59,12
DA:60,8
DA:65,9
DA:75,68
DA:76,3
DA:80,65
DA:81,2
DA:85,63
DA:86,3
DA:89,60
DA:97,6
DA:100,6
DA:101,6
DA:102,30
DA:105,6
DA:106,6
DA:107,6
DA:109,6
DA:124,12
DA:132,3
DA:140,6
DA:141,5
DA:150,4
DA:159,63
DA:167,2
DA:168,2
DA:169,36
DA:171,2
LF:48
LH:48
BRDA:10,0,0,48
BRDA:21,1,0,2
BRDA:21,1,1,9
BRDA:32,2,0,5
BRDA:32,2,1,4
BRDA:42,3,0,8
BRDA:42,3,1,5
BRDA:59,4,0,8
BRDA:59,4,1,4
BRDA:75,5,0,3
BRDA:75,5,1,65
BRDA:75,6,0,68
BRDA:75,6,1,67
BRDA:80,7,0,2
BRDA:80,7,1,63
BRDA:85,8,0,3
BRDA:85,8,1,60
BRDA:85,9,0,63
BRDA:85,9,1,62
BRDA:107,10,0,5
BRDA:107,10,1,1
BRDA:140,11,0,1
BRDA:140,11,1,5
BRF:23
BRH:23
end_of_record
TN:
SF:games/wolf-game.js
FN:11,(anonymous_0)
FN:24,(anonymous_1)
FN:27,(anonymous_2)
FN:34,(anonymous_3)
FN:43,(anonymous_4)
FN:54,(anonymous_5)
FN:63,(anonymous_6)
FN:80,(anonymous_7)
FN:130,(anonymous_8)
FN:141,(anonymous_9)
FN:160,(anonymous_10)
FN:162,(anonymous_11)
FN:170,(anonymous_12)
FN:178,(anonymous_13)
FN:180,(anonymous_14)
FN:181,(anonymous_15)
FN:182,(anonymous_16)
FN:183,(anonymous_17)
FN:187,(anonymous_18)
FN:188,(anonymous_19)
FN:189,(anonymous_20)
FN:215,(anonymous_21)
FN:238,(anonymous_22)
FNF:23
FNH:23
FNDA:33,(anonymous_0)
FNDA:6,(anonymous_1)
FNDA:6,(anonymous_2)
FNDA:4,(anonymous_3)
FNDA:12,(anonymous_4)
FNDA:4,(anonymous_5)
FNDA:4,(anonymous_6)
FNDA:30,(anonymous_7)
FNDA:27,(anonymous_8)
FNDA:3,(anonymous_9)
FNDA:2,(anonymous_10)
FNDA:8,(anonymous_11)
FNDA:11,(anonymous_12)
FNDA:1,(anonymous_13)
FNDA:1,(anonymous_14)
FNDA:1,(anonymous_15)
FNDA:1,(anonymous_16)
FNDA:1,(anonymous_17)
FNDA:4,(anonymous_18)
FNDA:4,(anonymous_19)
FNDA:1,(anonymous_20)
FNDA:8,(anonymous_21)
FNDA:1,(anonymous_22)
DA:12,33
DA:17,33
DA:25,6
DA:27,6
DA:28,6
DA:30,6
DA:31,4
DA:33,1
DA:34,1
DA:35,4
DA:36,3
DA:41,3
DA:42,3
DA:43,3
DA:44,12
DA:45,6
DA:51,2
DA:53,1
DA:54,1
DA:55,4
DA:56,3
DA:61,1
DA:62,1
DA:63,1
DA:64,4
DA:65,2
DA:72,6
DA:82,30
DA:83,5
DA:87,25
DA:88,2
DA:92,23
DA:93,1
DA:97,22
DA:98,2
DA:102,20
DA:103,1
DA:107,19
DA:108,16
DA:109,1
DA:111,15
DA:112,1
DA:117,17
DA:118,17
DA:119,2
DA:122,15
DA:131,27
DA:132,27
DA:133,27
DA:142,3
DA:143,3
DA:144,3
DA:145,3
DA:147,3
DA:161,2
DA:162,8
DA:171,11
DA:179,1
DA:180,1
DA:181,1
DA:182,1
DA:183,1
DA:186,1
DA:187,1
DA:188,4
DA:189,4
DA:190,4
DA:198,1
DA:216,8
DA:217,8
DA:219,5
DA:220,5
DA:222,5
DA:225,5
DA:226,8
DA:227,4
DA:231,1
DA:239,1
DA:240,1
DA:241,4
DA:242,4
DA:243,4
DA:245,4
DA:251,1
LF:84
LH:84
BRDA:11,0,0,0
BRDA:30,1,0,4
BRDA:30,1,1,2
BRDA:31,2,0,1
BRDA:31,2,1,3
BRDA:35,3,0,3
BRDA:35,3,1,1
BRDA:44,4,0,6
BRDA:44,4,1,6
BRDA:44,5,0,12
BRDA:44,5,1,9
BRDA:51,6,0,1
BRDA:51,6,1,1
BRDA:55,7,0,3
BRDA:55,7,1,1
BRDA:64,8,0,2
BRDA:64,8,1,2
BRDA:64,9,0,4
BRDA:64,9,1,3
BRDA:82,10,0,5
BRDA:82,10,1,25
BRDA:82,11,0,30
BRDA:82,11,1,28
BRDA:82,11,2,27
BRDA:82,11,3,26
BRDA:87,12,0,2
BRDA:87,12,1,23
BRDA:87,13,0,25
BRDA:87,13,1,24
BRDA:92,14,0,1
BRDA:92,14,1,22
BRDA:97,15,0,2
BRDA:97,15,1,20
BRDA:102,16,0,1
BRDA:102,16,1,19
BRDA:107,17,0,16
BRDA:107,17,1,3
BRDA:108,18,0,1
BRDA:108,18,1,15
BRDA:108,19,0,16
BRDA:108,19,1,15
BRDA:111,20,0,1
BRDA:111,20,1,14
BRDA:118,21,0,2
BRDA:118,21,1,15
BRDA:194,22,0,1
BRDA:194,22,1,3
BRDA:217,23,0,3
BRDA:217,23,1,5
BRDA:220,24,0,0
BRDA:220,24,1,5
BRDA:225,25,0,9
BRDA:225,25,1,8
BRDA:226,26,0,4
BRDA:226,26,1,4
BRF:55
BRH:53
end_of_record
TN:
SF:managers/game-manager.js
FN:15,(anonymous_0)
FN:36,(anonymous_1)
FN:44,(anonymous_2)
FN:61,(anonymous_3)
FN:74,(anonymous_4)
FN:89,(anonymous_5)
FN:104,(anonymous_6)
FN:112,(anonymous_7)
FN:113,(anonymous_8)
FN:120,(anonymous_9)
FN:121,(anonymous_10)
FN:136,(anonymous_11)
FN:161,(anonymous_12)
FN:175,(anonymous_13)
FN:187,(anonymous_14)
FN:190,(anonymous_15)
FN:192,(anonymous_16)
FN:208,(anonymous_17)
FN:216,(anonymous_18)
FN:226,(anonymous_19)
FN:230,(anonymous_20)
FN:238,(anonymous_21)
FN:242,(anonymous_22)
FN:243,(anonymous_23)
FN:260,(anonymous_24)
FN:267,(anonymous_25)
FN:276,(anonymous_26)
FN:277,(anonymous_27)
FN:320,(anonymous_28)
FN:345,(anonymous_29)
FN:348,(anonymous_30)
FN:376,(anonymous_31)
FN:384,(anonymous_32)
FN:394,(anonymous_33)
FN:402,(anonymous_34)
FN:403,(anonymous_35)
FNF:36
FNH:0
FNDA:0,(anonymous_0)
FNDA:0,(anonymous_1)
FNDA:0,(anonymous_2)
FNDA:0,(anonymous_3)
FNDA:0,(anonymous_4)
FNDA:0,(anonymous_5)
FNDA:0,(anonymous_6)
FNDA:0,(anonymous_7)
FNDA:0,(anonymous_8)
FNDA:0,(anonymous_9)
FNDA:0,(anonymous_10)
FNDA:0,(anonymous_11)
FNDA:0,(anonymous_12)
FNDA:0,(anonymous_13)
FNDA:0,(anonymous_14)
FNDA:0,(anonymous_15)
FNDA:0,(anonymous_16)
FNDA:0,(anonymous_17)
FNDA:0,(anonymous_18)
FNDA:0,(anonymous_19)
FNDA:0,(anonymous_20)
FNDA:0,(anonymous_21)
FNDA:0,(anonymous_22)
FNDA:0,(anonymous_23)
FNDA:0,(anonymous_24)
FNDA:0,(anonymous_25)
FNDA:0,(anonymous_26)
FNDA:0,(anonymous_27)
FNDA:0,(anonymous_28)
FNDA:0,(anonymous_29)
FNDA:0,(anonymous_30)
FNDA:0,(anonymous_31)
FNDA:0,(anonymous_32)
FNDA:0,(anonymous_33)
FNDA:0,(anonymous_34)
FNDA:0,(anonymous_35)
DA:16,0
DA:17,0
DA:18,0
DA:19,0
DA:20,0
DA:22,0
DA:23,0
DA:37,0
DA:38,0
DA:39,0
DA:40,0
DA:41,0
DA:44,0
DA:45,0
DA:46,0
DA:48,0
DA:53,0
DA:62,0
DA:63,0
DA:64,0
DA:65,0
DA:66,0
DA:67,0
DA:75,0
DA:77,0
DA:78,0
DA:79,0
DA:80,0
DA:81,0
DA:84,0
DA:85,0
DA:88,0
DA:89,0
DA:90,0
DA:91,0
DA:97,0
DA:105,0
DA:113,0
DA:121,0
DA:122,0
DA:138,0
DA:139,0
DA:140,0
DA:142,0
DA:143,0
DA:145,0
DA:147,0
DA:148,0
DA:152,0
DA:163,0
DA:164,0
DA:167,0
DA:176,0
DA:177,0
DA:179,0
DA:188,0
DA:190,0
DA:191,0
DA:192,0
DA:196,0
DA:210,0
DA:211,0
DA:215,0
DA:216,0
DA:217,0
DA:219,0
DA:227,0
DA:230,0
DA:231,0
DA:232,0
DA:237,0
DA:238,0
DA:239,0
DA:242,0
DA:243,0
DA:244,0
DA:245,0
DA:250,0
DA:261,0
DA:264,0
DA:265,0
DA:267,0
DA:268,0
DA:269,0
DA:270,0
DA:271,0
DA:276,0
DA:277,0
DA:279,0
DA:280,0
DA:283,0
DA:284,0
DA:285,0
DA:288,0
DA:289,0
DA:290,0
DA:292,0
DA:294,0
DA:301,0
DA:302,0
DA:305,0
DA:306,0
DA:308,0
DA:309,0
DA:314,0
DA:316,0
DA:317,0
DA:319,0
DA:320,0
DA:321,0
DA:330,0
DA:333,0
DA:334,0
DA:346,0
DA:348,0
DA:349,0
DA:350,0
DA:351,0
DA:353,0
DA:361,0
DA:369,0
DA:377,0
DA:384,0
DA:395,0
DA:403,0
LF:125
LH:0
BRDA:46,0,0,0
BRDA:46,0,1,0
BRDA:77,1,0,0
BRDA:77,1,1,0
BRDA:78,2,0,0
BRDA:78,2,1,0
BRDA:79,3,0,0
BRDA:79,3,1,0
BRDA:80,4,0,0
BRDA:80,4,1,0
BRDA:81,5,0,0
BRDA:81,5,1,0
BRDA:84,6,0,0
BRDA:84,6,1,0
BRDA:84,7,0,0
BRDA:84,7,1,0
BRDA:88,8,0,0
BRDA:88,8,1,0
BRDA:90,9,0,0
BRDA:90,9,1,0
BRDA:90,10,0,0
BRDA:90,10,1,0
BRDA:138,11,0,0
BRDA:138,11,1,0
BRDA:142,12,0,0
BRDA:142,12,1,0
BRDA:163,13,0,0
BRDA:163,13,1,0
BRDA:176,14,0,0
BRDA:176,14,1,0
BRDA:210,15,0,0
BRDA:210,15,1,0
BRDA:231,16,0,0
BRDA:231,16,1,0
BRDA:244,17,0,0
BRDA:244,17,1,0
BRDA:268,18,0,0
BRDA:268,18,1,0
BRDA:270,19,0,0
BRDA:270,19,1,0
BRDA:279,20,0,0
BRDA:279,20,1,0
BRDA:279,21,0,0
BRDA:279,21,1,0
BRDA:288,22,0,0
BRDA:288,22,1,0
BRDA:305,23,0,0
BRDA:305,23,1,0
BRDA:308,24,0,0
BRDA:308,24,1,0
BRDA:316,25,0,0
BRDA:316,25,1,0
BRDA:349,26,0,0
BRDA:349,26,1,0
BRDA:350,27,0,0
BRDA:350,27,1,0
BRDA:395,28,0,0
BRDA:395,28,1,0
BRF:58
BRH:0
end_of_record
TN:
SF:managers/page-manager.js
FN:12,(anonymous_0)
FN:23,(anonymous_1)
FN:39,(anonymous_2)
FN:46,(anonymous_3)
FN:64,(anonymous_4)
FN:71,(anonymous_5)
FN:80,(anonymous_6)
FN:90,(anonymous_7)
FNF:8
FNH:0
FNDA:0,(anonymous_0)
FNDA:0,(anonymous_1)
FNDA:0,(anonymous_2)
FNDA:0,(anonymous_3)
FNDA:0,(anonymous_4)
FNDA:0,(anonymous_5)
FNDA:0,(anonymous_6)
FNDA:0,(anonymous_7)
DA:13,0
DA:14,0
DA:15,0
DA:16,0
DA:24,0
DA:27,0
DA:30,0
DA:31,0
DA:40,0
DA:47,0
DA:50,0
DA:65,0
DA:91,0
LF:13
LH:0
BRDA:30,0,0,0
BRDA:30,0,1,0
BRDA:30,1,0,0
BRDA:30,1,1,0
BRDA:51,2,0,0
BRDA:51,2,1,0
BRDA:52,3,0,0
BRDA:52,3,1,0
BRDA:53,4,0,0
BRDA:53,4,1,0
BRDA:54,5,0,0
BRDA:54,5,1,0
BRDA:55,6,0,0
BRDA:55,6,1,0
BRF:14
BRH:0
end_of_record
TN:
SF:managers/player-manager.js
FN:17,(anonymous_0)
FN:34,(anonymous_1)
FN:37,(anonymous_2)
FN:51,(anonymous_3)
FN:54,(anonymous_4)
FN:77,(anonymous_5)
FN:80,(anonymous_6)
FN:81,(anonymous_7)
FN:95,(anonymous_8)
FN:106,(anonymous_9)
FN:136,(anonymous_10)
FN:151,(anonymous_11)
FN:159,(anonymous_12)
FN:167,(anonymous_13)
FN:178,(anonymous_14)
FN:193,(anonymous_15)
FN:203,(anonymous_16)
FN:212,(anonymous_17)
FN:228,(anonymous_18)
FN:229,(anonymous_19)
FN:232,(anonymous_20)
FN:244,(anonymous_21)
FN:246,(anonymous_22)
FN:253,(anonymous_23)
FN:254,(anonymous_24)
FN:273,(anonymous_25)
FN:275,(anonymous_26)
FN:299,(anonymous_27)
FN:300,(anonymous_28)
FN:317,(anonymous_29)
FN:347,(anonymous_30)
FN:360,(anonymous_31)
FN:372,(anonymous_32)
FN:383,(anonymous_33)
FN:401,(anonymous_34)
FN:421,(anonymous_35)
FN:450,(anonymous_36)
FN:477,(anonymous_37)
FN:489,(anonymous_38)
FN:497,(anonymous_39)
FN:510,(anonymous_40)
FN:548,(anonymous_41)
FN:574,(anonymous_42)
FNF:43
FNH:0
FNDA:0,(anonymous_0)
FNDA:0,(anonymous_1)
FNDA:0,(anonymous_2)
FNDA:0,(anonymous_3)
FNDA:0,(anonymous_4)
FNDA:0,(anonymous_5)
FNDA:0,(anonymous_6)
FNDA:0,(anonymous_7)
FNDA:0,(anonymous_8)
FNDA:0,(anonymous_9)
FNDA:0,(anonymous_10)
FNDA:0,(anonymous_11)
FNDA:0,(anonymous_12)
FNDA:0,(anonymous_13)
FNDA:0,(anonymous_14)
FNDA:0,(anonymous_15)
FNDA:0,(anonymous_16)
FNDA:0,(anonymous_17)
FNDA:0,(anonymous_18)
FNDA:0,(anonymous_19)
FNDA:0,(anonymous_20)
FNDA:0,(anonymous_21)
FNDA:0,(anonymous_22)
FNDA:0,(anonymous_23)
FNDA:0,(anonymous_24)
FNDA:0,(anonymous_25)
FNDA:0,(anonymous_26)
FNDA:0,(anonymous_27)
FNDA:0,(anonymous_28)
FNDA:0,(anonymous_29)
FNDA:0,(anonymous_30)
FNDA:0,(anonymous_31)
FNDA:0,(anonymous_32)
FNDA:0,(anonymous_33)
FNDA:0,(anonymous_34)
FNDA:0,(anonymous_35)
FNDA:0,(anonymous_36)
FNDA:0,(anonymous_37)
FNDA:0,(anonymous_38)
FNDA:0,(anonymous_39)
FNDA:0,(anonymous_40)
FNDA:0,(anonymous_41)
FNDA:0,(anonymous_42)
DA:18,0
DA:19,0
DA:20,0
DA:21,0
DA:22,0
DA:24,0
DA:36,0
DA:37,0
DA:38,0
DA:39,0
DA:43,0
DA:44,0
DA:52,0
DA:53,0
DA:54,0
DA:55,0
DA:57,0
DA:58,0
DA:59,0
DA:62,0
DA:65,0
DA:66,0
DA:67,0
DA:79,0
DA:80,0
DA:81,0
DA:82,0
DA:96,0
DA:99,0
DA:106,0
DA:107,0
DA:108,0
DA:109,0
DA:110,0
DA:112,0
DA:113,0
DA:114,0
DA:117,0
DA:119,0
DA:120,0
DA:121,0
DA:122,0
DA:129,0
DA:137,0
DA:138,0
DA:139,0
DA:140,0
DA:141,0
DA:144,0
DA:152,0
DA:160,0
DA:168,0
DA:179,0
DA:182,0
DA:183,0
DA:186,0
DA:194,0
DA:197,0
DA:198,0
DA:199,0
DA:203,0
DA:204,0
DA:205,0
DA:206,0
DA:207,0
DA:208,0
DA:209,0
DA:210,0
DA:212,0
DA:213,0
DA:214,0
DA:215,0
DA:216,0
DA:222,0
DA:229,0
DA:230,0
DA:231,0
DA:232,0
DA:233,0
DA:235,0
DA:246,0
DA:247,0
DA:248,0
DA:252,0
DA:253,0
DA:255,0
DA:256,0
DA:259,0
DA:262,0
DA:263,0
DA:264,0
DA:265,0
DA:266,0
DA:267,0
DA:270,0
DA:273,0
DA:275,0
DA:276,0
DA:280,0
DA:281,0
DA:282,0
DA:283,0
DA:284,0
DA:289,0
DA:290,0
DA:300,0
DA:301,0
DA:302,0
DA:303,0
DA:304,0
DA:305,0
DA:306,0
DA:307,0
DA:308,0
DA:318,0
DA:319,0
DA:325,0
DA:326,0
DA:327,0
DA:328,0
DA:330,0
DA:348,0
DA:349,0
DA:361,0
DA:364,0
DA:365,0
DA:372,0
DA:373,0
DA:375,0
DA:376,0
DA:383,0
DA:384,0
DA:385,0
DA:392,0
DA:393,0
DA:394,0
DA:401,0
DA:402,0
DA:404,0
DA:405,0
DA:411,0
DA:422,0
DA:423,0
DA:426,0
DA:427,0
DA:428,0
DA:429,0
DA:432,0
DA:433,0
DA:437,0
DA:438,0
DA:440,0
DA:451,0
DA:452,0
DA:453,0
DA:454,0
DA:457,0
DA:458,0
DA:460,0
DA:462,0
DA:467,0
DA:470,0
DA:477,0
DA:478,0
DA:482,0
DA:490,0
DA:498,0
DA:511,0
DA:512,0
DA:513,0
DA:515,0
DA:517,0
DA:519,0
DA:522,0
DA:523,0
DA:527,0
DA:528,0
DA:529,0
DA:530,0
DA:535,0
DA:538,0
DA:539,0
DA:551,0
DA:553,0
DA:557,0
DA:561,0
DA:562,0
DA:563,0
DA:566,0
DA:571,0
DA:574,0
DA:575,0
DA:576,0
DA:577,0
DA:580,0
DA:585,0
DA:587,0
LF:197
LH:0
BRDA:36,0,0,0
BRDA:36,0,1,0
BRDA:53,1,0,0
BRDA:53,1,1,0
BRDA:57,2,0,0
BRDA:57,2,1,0
BRDA:57,3,0,0
BRDA:57,3,1,0
BRDA:66,4,0,0
BRDA:66,4,1,0
BRDA:108,5,0,0
BRDA:108,5,1,0
BRDA:109,6,0,0
BRDA:109,6,1,0
BRDA:113,7,0,0
BRDA:113,7,1,0
BRDA:120,8,0,0
BRDA:120,8,1,0
BRDA:140,9,0,0
BRDA:140,9,1,0
BRDA:182,10,0,0
BRDA:182,10,1,0
BRDA:197,11,0,0
BRDA:197,11,1,0
BRDA:205,12,0,0
BRDA:205,12,1,0
BRDA:231,13,0,0
BRDA:231,13,1,0
BRDA:231,14,0,0
BRDA:231,14,1,0
BRDA:248,15,0,0
BRDA:248,15,1,0
BRDA:256,16,0,0
BRDA:256,16,1,0
BRDA:262,17,0,0
BRDA:262,17,1,0
BRDA:276,18,0,0
BRDA:276,18,1,0
BRDA:280,19,0,0
BRDA:280,19,1,0
BRDA:280,20,0,0
BRDA:280,20,1,0
BRDA:289,21,0,0
BRDA:289,21,1,0
BRDA:289,22,0,0
BRDA:289,22,1,0
BRDA:302,23,0,0
BRDA:302,23,1,0
BRDA:318,24,0,0
BRDA:318,24,1,0
BRDA:364,25,0,0
BRDA:364,25,1,0
BRDA:375,26,0,0
BRDA:375,26,1,0
BRDA:384,27,0,0
BRDA:384,27,1,0
BRDA:393,28,0,0
BRDA:393,28,1,0
BRDA:404,29,0,0
BRDA:404,29,1,0
BRDA:422,30,0,0
BRDA:422,30,1,0
BRDA:432,31,0,0
BRDA:432,31,1,0
BRDA:432,32,0,0
BRDA:432,32,1,0
BRDA:432,32,2,0
BRDA:432,32,3,0
BRDA:458,33,0,0
BRDA:458,33,1,0
BRDA:510,34,0,0
BRDA:511,35,0,0
BRDA:511,35,1,0
BRDA:515,36,0,0
BRDA:515,36,1,0
BRDA:517,37,0,0
BRDA:517,37,1,0
BRDA:517,38,0,0
BRDA:517,38,1,0
BRDA:522,39,0,0
BRDA:522,39,1,0
BRDA:529,40,0,0
BRDA:529,40,1,0
BRDA:530,41,0,0
BRDA:530,41,1,0
BRDA:538,42,0,0
BRDA:538,42,1,0
BRDA:551,43,0,0
BRDA:551,43,1,0
BRDA:551,44,0,0
BRDA:551,44,1,0
BRDA:562,45,0,0
BRDA:562,45,1,0
BRDA:576,46,0,0
BRDA:576,46,1,0
BRDA:585,47,0,0
BRDA:585,47,1,0
BRF:97
BRH:0
end_of_record
TN:
SF:managers/state-manager.js
FN:14,(anonymous_0)
FN:24,(anonymous_1)
FN:56,(anonymous_2)
FN:78,(anonymous_3)
FN:105,(anonymous_4)
FN:135,(anonymous_5)
FN:170,(anonymous_6)
FN:193,(anonymous_7)
FN:195,(anonymous_8)
FN:210,(anonymous_9)
FN:236,(anonymous_10)
FN:239,(anonymous_11)
FN:260,(anonymous_12)
FN:277,(anonymous_13)
FN:290,(anonymous_14)
FN:300,(anonymous_15)
FNF:16
FNH:0
FNDA:0,(anonymous_0)
FNDA:0,(anonymous_1)
FNDA:0,(anonymous_2)
FNDA:0,(anonymous_3)
FNDA:0,(anonymous_4)
FNDA:0,(anonymous_5)
FNDA:0,(anonymous_6)
FNDA:0,(anonymous_7)
FNDA:0,(anonymous_8)
FNDA:0,(anonymous_9)
FNDA:0,(anonymous_10)
FNDA:0,(anonymous_11)
FNDA:0,(anonymous_12)
FNDA:0,(anonymous_13)
FNDA:0,(anonymous_14)
FNDA:0,(anonymous_15)
DA:15,0
DA:16,0
DA:17,0
DA:18,0
DA:25,0
DA:26,0
DA:37,0
DA:38,0
DA:39,0
DA:40,0
DA:42,0
DA:44,0
DA:49,0
DA:57,0
DA:58,0
DA:59,0
DA:60,0
DA:61,0
DA:63,0
DA:65,0
DA:70,0
DA:79,0
DA:80,0
DA:81,0
DA:87,0
DA:88,0
DA:91,0
DA:92,0
DA:94,0
DA:97,0
DA:106,0
DA:107,0
DA:110,0
DA:112,0
DA:114,0
DA:115,0
DA:116,0
DA:119,0
DA:120,0
DA:123,0
DA:128,0
DA:136,0
DA:137,0
DA:138,0
DA:139,0
DA:140,0
DA:144,0
DA:145,0
DA:148,0
DA:149,0
DA:152,0
DA:153,0
DA:156,0
DA:161,0
DA:162,0
DA:171,0
DA:173,0
DA:174,0
DA:178,0
DA:181,0
DA:194,0
DA:195,0
DA:196,0
DA:197,0
DA:199,0
DA:203,0
DA:211,0
DA:212,0
DA:222,0
DA:225,0
DA:237,0
DA:239,0
DA:240,0
DA:241,0
DA:242,0
DA:244,0
DA:249,0
DA:261,0
DA:262,0
DA:263,0
DA:265,0
DA:278,0
DA:279,0
DA:280,0
DA:282,0
DA:291,0
DA:292,0
DA:293,0
DA:295,0
DA:300,0
DA:303,0
LF:91
LH:0
BRDA:38,0,0,0
BRDA:38,0,1,0
BRDA:59,1,0,0
BRDA:59,1,1,0
BRDA:80,2,0,0
BRDA:80,2,1,0
BRDA:80,3,0,0
BRDA:80,3,1,0
BRDA:91,4,0,0
BRDA:91,4,1,0
BRDA:106,5,0,0
BRDA:106,5,1,0
BRDA:106,6,0,0
BRDA:106,6,1,0
BRDA:114,7,0,0
BRDA:114,7,1,0
BRDA:138,8,0,0
BRDA:138,8,1,0
BRDA:148,9,0,0
BRDA:148,9,1,0
BRDA:173,10,0,0
BRDA:173,10,1,0
BRDA:197,11,0,0
BRDA:197,11,1,0
BRDA:197,12,0,0
BRDA:197,12,1,0
BRDA:240,13,0,0
BRDA:240,13,1,0
BRDA:280,14,0,0
BRDA:280,14,1,0
BRDA:293,15,0,0
BRDA:293,15,1,0
BRDA:297,16,0,0
BRDA:297,16,1,0
BRDA:298,17,0,0
BRDA:298,17,1,0
BRDA:299,18,0,0
BRDA:299,18,1,0
BRF:38
BRH:0
end_of_record
TN:
SF:managers/storage-manager.js
FN:15,(anonymous_0)
FN:30,(anonymous_1)
FN:65,(anonymous_2)
FN:100,(anonymous_3)
FN:107,(anonymous_4)
FN:123,(anonymous_5)
FN:155,(anonymous_6)
FN:170,(anonymous_7)
FN:203,(anonymous_8)
FN:235,(anonymous_9)
FN:236,(anonymous_10)
FN:240,(anonymous_11)
FN:255,(anonymous_12)
FN:272,(anonymous_13)
FN:312,(anonymous_14)
FN:341,(anonymous_15)
FN:375,(anonymous_16)
FN:393,(anonymous_17)
FNF:18
FNH:0
FNDA:0,(anonymous_0)
FNDA:0,(anonymous_1)
FNDA:0,(anonymous_2)
FNDA:0,(anonymous_3)
FNDA:0,(anonymous_4)
FNDA:0,(anonymous_5)
FNDA:0,(anonymous_6)
FNDA:0,(anonymous_7)
FNDA:0,(anonymous_8)
FNDA:0,(anonymous_9)
FNDA:0,(anonymous_10)
FNDA:0,(anonymous_11)
FNDA:0,(anonymous_12)
FNDA:0,(anonymous_13)
FNDA:0,(anonymous_14)
FNDA:0,(anonymous_15)
FNDA:0,(anonymous_16)
FNDA:0,(anonymous_17)
DA:16,0
DA:17,0
DA:18,0
DA:31,0
DA:34,0
DA:43,0
DA:46,0
DA:51,0
DA:54,0
DA:56,0
DA:57,0
DA:66,0
DA:69,0
DA:72,0
DA:74,0
DA:77,0
DA:81,0
DA:83,0
DA:85,0
DA:86,0
DA:87,0
DA:90,0
DA:91,0
DA:92,0
DA:101,0
DA:108,0
DA:109,0
DA:112,0
DA:124,0
DA:125,0
DA:126,0
DA:128,0
DA:135,0
DA:138,0
DA:141,0
DA:142,0
DA:145,0
DA:147,0
DA:156,0
DA:157,0
DA:158,0
DA:160,0
DA:161,0
DA:171,0
DA:172,0
DA:173,0
DA:174,0
DA:175,0
DA:178,0
DA:179,0
DA:181,0
DA:182,0
DA:184,0
DA:186,0
DA:187,0
DA:190,0
DA:191,0
DA:204,0
DA:205,0
DA:211,0
DA:212,0
DA:214,0
DA:215,0
DA:216,0
DA:217,0
DA:219,0
DA:220,0
DA:221,0
DA:223,0
DA:226,0
DA:236,0
DA:237,0
DA:238,0
DA:240,0
DA:241,0
DA:242,0
DA:244,0
DA:246,0
DA:248,0
DA:251,0
DA:255,0
DA:256,0
DA:258,0
DA:275,0
DA:276,0
DA:277,0
DA:281,0
DA:282,0
DA:283,0
DA:284,0
DA:285,0
DA:292,0
DA:293,0
DA:294,0
DA:298,0
DA:299,0
DA:300,0
DA:304,0
DA:315,0
DA:316,0
DA:317,0
DA:321,0
DA:322,0
DA:323,0
DA:324,0
DA:327,0
DA:328,0
DA:329,0
DA:334,0
DA:342,0
DA:345,0
DA:346,0
DA:350,0
DA:351,0
DA:352,0
DA:354,0
DA:364,0
DA:366,0
DA:367,0
DA:376,0
DA:377,0
DA:378,0
DA:380,0
DA:381,0
DA:385,0
DA:394,0
DA:395,0
DA:396,0
DA:398,0
DA:399,0
DA:400,0
DA:402,0
DA:404,0
DA:406,0
DA:407,0
LF:135
LH:0
BRDA:72,0,0,0
BRDA:72,0,1,0
BRDA:81,1,0,0
BRDA:81,1,1,0
BRDA:126,2,0,0
BRDA:126,2,1,0
BRDA:141,3,0,0
BRDA:141,3,1,0
BRDA:158,4,0,0
BRDA:158,4,1,0
BRDA:173,5,0,0
BRDA:173,5,1,0
BRDA:173,6,0,0
BRDA:173,6,1,0
BRDA:181,7,0,0
BRDA:181,7,1,0
BRDA:244,8,0,0
BRDA:244,8,1,0
BRDA:275,9,0,0
BRDA:275,9,1,0
BRDA:275,10,0,0
BRDA:275,10,1,0
BRDA:283,11,0,0
BRDA:283,11,1,0
BRDA:292,12,0,0
BRDA:292,12,1,0
BRDA:298,13,0,0
BRDA:298,13,1,0
BRDA:298,14,0,0
BRDA:298,14,1,0
BRDA:315,15,0,0
BRDA:315,15,1,0
BRDA:315,16,0,0
BRDA:315,16,1,0
BRDA:322,17,0,0
BRDA:322,17,1,0
BRDA:327,18,0,0
BRDA:327,18,1,0
BRDA:350,19,0,0
BRDA:350,19,1,0
BRDA:351,20,0,0
BRDA:351,20,1,0
BRDA:375,21,0,0
BRDA:378,22,0,0
BRDA:378,22,1,0
BRF:45
BRH:0
end_of_record
TN:
SF:utils/analytics.js
FN:14,(anonymous_0)
FN:23,(anonymous_1)
FN:39,(anonymous_2)
FN:51,(anonymous_3)
FN:72,(anonymous_4)
FN:99,(anonymous_5)
FN:111,(anonymous_6)
FN:127,(anonymous_7)
FN:145,(anonymous_8)
FN:161,(anonymous_9)
FN:176,(anonymous_10)
FN:192,(anonymous_11)
FN:208,(anonymous_12)
FN:224,(anonymous_13)
FNF:14
FNH:0
FNDA:0,(anonymous_0)
FNDA:0,(anonymous_1)
FNDA:0,(anonymous_2)
FNDA:0,(anonymous_3)
FNDA:0,(anonymous_4)
FNDA:0,(anonymous_5)
FNDA:0,(anonymous_6)
FNDA:0,(anonymous_7)
FNDA:0,(anonymous_8)
FNDA:0,(anonymous_9)
FNDA:0,(anonymous_10)
FNDA:0,(anonymous_11)
FNDA:0,(anonymous_12)
FNDA:0,(anonymous_13)
DA:15,0
DA:24,0
DA:26,0
DA:40,0
DA:43,0
DA:51,0
DA:52,0
DA:53,0
DA:54,0
DA:73,0
DA:75,0
DA:84,0
DA:85,0
DA:100,0
DA:102,0
DA:110,0
DA:111,0
DA:112,0
DA:128,0
DA:130,0
DA:146,0
DA:148,0
DA:162,0
DA:164,0
DA:177,0
DA:179,0
DA:193,0
DA:195,0
DA:209,0
DA:211,0
DA:225,0
DA:227,0
LF:32
LH:0
BRDA:23,0,0,0
BRDA:24,1,0,0
BRDA:24,1,1,0
BRDA:27,2,0,0
BRDA:27,2,1,0
BRDA:40,3,0,0
BRDA:40,3,1,0
BRDA:53,4,0,0
BRDA:53,4,1,0
BRDA:53,5,0,0
BRDA:53,5,1,0
BRDA:57,6,0,0
BRDA:57,6,1,0
BRDA:59,7,0,0
BRDA:59,7,1,0
BRDA:72,8,0,0
BRDA:73,9,0,0
BRDA:73,9,1,0
BRDA:84,10,0,0
BRDA:84,10,1,0
BRDA:99,11,0,0
BRDA:100,12,0,0
BRDA:100,12,1,0
BRDA:110,13,0,0
BRDA:110,13,1,0
BRDA:110,14,0,0
BRDA:110,14,1,0
BRDA:128,15,0,0
BRDA:128,15,1,0
BRDA:145,16,0,0
BRDA:146,17,0,0
BRDA:146,17,1,0
BRDA:162,18,0,0
BRDA:162,18,1,0
BRDA:177,19,0,0
BRDA:177,19,1,0
BRDA:192,20,0,0
BRDA:193,21,0,0
BRDA:193,21,1,0
BRDA:209,22,0,0
BRDA:209,22,1,0
BRDA:224,23,0,0
BRDA:225,24,0,0
BRDA:225,24,1,0
BRF:44
BRH:0
end_of_record
TN:
SF:utils/error-handler.js
FN:42,(anonymous_0)
FN:97,(anonymous_1)
FN:113,(anonymous_2)
FN:130,(anonymous_3)
FN:146,(anonymous_4)
FN:162,(anonymous_5)
FN:177,(anonymous_6)
FN:192,(anonymous_7)
FN:221,(anonymous_8)
FN:248,(anonymous_9)
FN:261,(anonymous_10)
FNF:11
FNH:0
FNDA:0,(anonymous_0)
FNDA:0,(anonymous_1)
FNDA:0,(anonymous_2)
FNDA:0,(anonymous_3)
FNDA:0,(anonymous_4)
FNDA:0,(anonymous_5)
FNDA:0,(anonymous_6)
FNDA:0,(anonymous_7)
FNDA:0,(anonymous_8)
FNDA:0,(anonymous_9)
FNDA:0,(anonymous_10)
DA:10,0
DA:20,0
DA:50,0
DA:53,0
DA:56,0
DA:59,0
DA:71,0
DA:74,0
DA:75,0
DA:76,0
DA:78,0
DA:83,0
DA:84,0
DA:85,0
DA:88,0
DA:98,0
DA:114,0
DA:131,0
DA:147,0
DA:163,0
DA:164,0
DA:166,0
DA:167,0
DA:178,0
DA:179,0
DA:181,0
DA:182,0
DA:193,0
DA:194,0
DA:201,0
DA:202,0
DA:209,0
DA:222,0
DA:223,0
DA:225,0
DA:227,0
DA:228,0
DA:230,0
DA:231,0
DA:233,0
DA:234,0
DA:236,0
DA:237,0
DA:239,0
DA:249,0
DA:250,0
DA:251,0
DA:262,0
DA:265,0
DA:266,0
DA:270,0
DA:271,0
DA:274,0
DA:282,0
DA:283,0
LF:55
LH:0
BRDA:42,0,0,0
BRDA:44,1,0,0
BRDA:45,2,0,0
BRDA:46,3,0,0
BRDA:47,4,0,0
BRDA:48,5,0,0
BRDA:49,6,0,0
BRDA:74,7,0,0
BRDA:74,7,1,0
BRDA:83,8,0,0
BRDA:83,8,1,0
BRDA:83,9,0,0
BRDA:83,9,1,0
BRDA:162,10,0,0
BRDA:177,11,0,0
BRDA:193,12,0,0
BRDA:193,12,1,0
BRDA:201,13,0,0
BRDA:201,13,1,0
BRDA:225,14,0,0
BRDA:225,14,1,0
BRDA:225,14,2,0
BRDA:225,14,3,0
BRDA:225,14,4,0
BRDA:265,15,0,0
BRDA:265,15,1,0
BRDA:270,16,0,0
BRDA:270,16,1,0
BRDA:271,17,0,0
BRDA:271,17,1,0
BRDA:282,18,0,0
BRDA:282,18,1,0
BRF:32
BRH:0
end_of_record
TN:
SF:utils/security.js
FN:13,(anonymous_0)
FN:24,(anonymous_1)
FN:37,(anonymous_2)
FN:54,(anonymous_3)
FN:68,(anonymous_4)
FN:81,(anonymous_5)
FN:95,(anonymous_6)
FN:102,(anonymous_7)
FN:117,(anonymous_8)
FN:125,(anonymous_9)
FN:133,(anonymous_10)
FN:145,(anonymous_11)
FN:154,(anonymous_12)
FN:205,(anonymous_13)
FN:212,(anonymous_14)
FN:267,(anonymous_15)
FN:279,(anonymous_16)
FNF:17
FNH:0
FNDA:0,(anonymous_0)
FNDA:0,(anonymous_1)
FNDA:0,(anonymous_2)
FNDA:0,(anonymous_3)
FNDA:0,(anonymous_4)
FNDA:0,(anonymous_5)
FNDA:0,(anonymous_6)
FNDA:0,(anonymous_7)
FNDA:0,(anonymous_8)
FNDA:0,(anonymous_9)
FNDA:0,(anonymous_10)
FNDA:0,(anonymous_11)
FNDA:0,(anonymous_12)
FNDA:0,(anonymous_13)
FNDA:0,(anonymous_14)
FNDA:0,(anonymous_15)
FNDA:0,(anonymous_16)
DA:14,0
DA:15,0
DA:25,0
DA:27,0
DA:28,0
DA:38,0
DA:41,0
DA:55,0
DA:57,0
DA:69,0
DA:72,0
DA:73,0
DA:83,0
DA:85,0
DA:96,0
DA:99,0
DA:102,0
DA:103,0
DA:104,0
DA:108,0
DA:118,0
DA:119,0
DA:122,0
DA:125,0
DA:134,0
DA:136,0
DA:145,0
DA:155,0
DA:156,0
DA:166,0
DA:168,0
DA:169,0
DA:171,0
DA:172,0
DA:174,0
DA:175,0
DA:177,0
DA:178,0
DA:180,0
DA:184,0
DA:185,0
DA:186,0
DA:189,0
DA:190,0
DA:193,0
DA:195,0
DA:206,0
DA:212,0
DA:213,0
DA:216,0
DA:217,0
DA:218,0
DA:219,0
DA:223,0
DA:224,0
DA:225,0
DA:229,0
DA:232,0
DA:233,0
DA:234,0
DA:237,0
DA:238,0
DA:239,0
DA:243,0
DA:244,0
DA:245,0
DA:249,0
DA:253,0
DA:254,0
DA:260,0
DA:268,0
DA:269,0
DA:271,0
DA:272,0
DA:280,0
DA:281,0
DA:283,0
LF:77
LH:0
BRDA:14,0,0,0
BRDA:14,0,1,0
BRDA:14,1,0,0
BRDA:14,1,1,0
BRDA:25,2,0,0
BRDA:25,2,1,0
BRDA:25,3,0,0
BRDA:25,3,1,0
BRDA:38,4,0,0
BRDA:38,4,1,0
BRDA:55,5,0,0
BRDA:55,5,1,0
BRDA:69,6,0,0
BRDA:69,6,1,0
BRDA:85,7,0,0
BRDA:85,7,1,0
BRDA:85,7,2,0
BRDA:85,7,3,0
BRDA:95,8,0,0
BRDA:103,9,0,0
BRDA:103,9,1,0
BRDA:122,10,0,0
BRDA:122,10,1,0
BRDA:134,11,0,0
BRDA:134,11,1,0
BRDA:154,12,0,0
BRDA:166,13,0,0
BRDA:166,13,1,0
BRDA:166,13,2,0
BRDA:166,13,3,0
BRDA:166,13,4,0
BRDA:185,14,0,0
BRDA:185,14,1,0
BRDA:189,15,0,0
BRDA:189,15,1,0
BRDA:216,16,0,0
BRDA:216,16,1,0
BRDA:216,17,0,0
BRDA:216,17,1,0
BRDA:216,17,2,0
BRDA:223,18,0,0
BRDA:223,18,1,0
BRDA:223,19,0,0
BRDA:223,19,1,0
BRDA:232,20,0,0
BRDA:232,20,1,0
BRDA:232,21,0,0
BRDA:232,21,1,0
BRDA:237,22,0,0
BRDA:237,22,1,0
BRDA:237,23,0,0
BRDA:237,23,1,0
BRDA:243,24,0,0
BRDA:243,24,1,0
BRDA:243,25,0,0
BRDA:243,25,1,0
BRDA:253,26,0,0
BRDA:253,26,1,0
BRDA:269,27,0,0
BRDA:269,27,1,0
BRF:60
BRH:0
end_of_record
TN:
SF:utils/validation.js
FN:16,(anonymous_0)
FN:30,(anonymous_1)
FN:86,(anonymous_2)
FN:88,(anonymous_3)
FN:101,(anonymous_4)
FN:119,(anonymous_5)
FN:127,(anonymous_6)
FN:145,(anonymous_7)
FN:194,(anonymous_8)
FN:216,(anonymous_9)
FN:244,(anonymous_10)
FN:268,(anonymous_11)
FN:292,(anonymous_12)
FN:319,(anonymous_13)
FN:322,(anonymous_14)
FN:340,(anonymous_15)
FN:355,(anonymous_16)
FN:393,(anonymous_17)
FN:403,(anonymous_18)
FN:432,(anonymous_19)
FN:441,(anonymous_20)
FN:451,(anonymous_21)
FNF:22
FNH:0
FNDA:0,(anonymous_0)
FNDA:0,(anonymous_1)
FNDA:0,(anonymous_2)
FNDA:0,(anonymous_3)
FNDA:0,(anonymous_4)
FNDA:0,(anonymous_5)
FNDA:0,(anonymous_6)
FNDA:0,(anonymous_7)
FNDA:0,(anonymous_8)
FNDA:0,(anonymous_9)
FNDA:0,(anonymous_10)
FNDA:0,(anonymous_11)
FNDA:0,(anonymous_12)
FNDA:0,(anonymous_13)
FNDA:0,(anonymous_14)
FNDA:0,(anonymous_15)
FNDA:0,(anonymous_16)
FNDA:0,(anonymous_17)
FNDA:0,(anonymous_18)
FNDA:0,(anonymous_19)
FNDA:0,(anonymous_20)
FNDA:0,(anonymous_21)
DA:17,0
DA:31,0
DA:41,0
DA:42,0
DA:43,0
DA:44,0
DA:48,0
DA:49,0
DA:50,0
DA:51,0
DA:55,0
DA:56,0
DA:57,0
DA:58,0
DA:62,0
DA:63,0
DA:64,0
DA:65,0
DA:66,0
DA:67,0
DA:70,0
DA:74,0
DA:79,0
DA:87,0
DA:88,0
DA:90,0
DA:102,0
DA:120,0
DA:121,0
DA:127,0
DA:128,0
DA:129,0
DA:130,0
DA:131,0
DA:132,0
DA:137,0
DA:146,0
DA:147,0
DA:149,0
DA:150,0
DA:156,0
DA:157,0
DA:160,0
DA:161,0
DA:168,0
DA:169,0
DA:175,0
DA:176,0
DA:182,0
DA:195,0
DA:202,0
DA:217,0
DA:219,0
DA:220,0
DA:223,0
DA:224,0
DA:227,0
DA:228,0
DA:231,0
DA:245,0
DA:247,0
DA:248,0
DA:251,0
DA:252,0
DA:255,0
DA:269,0
DA:271,0
DA:272,0
DA:275,0
DA:276,0
DA:279,0
DA:293,0
DA:295,0
DA:296,0
DA:299,0
DA:300,0
DA:303,0
DA:320,0
DA:322,0
DA:323,0
DA:324,0
DA:328,0
DA:341,0
DA:342,0
DA:343,0
DA:344,0
DA:356,0
DA:357,0
DA:363,0
DA:364,0
DA:370,0
DA:371,0
DA:377,0
DA:394,0
DA:404,0
DA:405,0
DA:411,0
DA:412,0
DA:418,0
DA:433,0
DA:434,0
DA:442,0
DA:452,0
DA:453,0
DA:454,0
DA:456,0
LF:106
LH:0
BRDA:43,0,0,0
BRDA:43,0,1,0
BRDA:50,1,0,0
BRDA:50,1,1,0
BRDA:57,2,0,0
BRDA:57,2,1,0
BRDA:63,3,0,0
BRDA:63,3,1,0
BRDA:63,4,0,0
BRDA:63,4,1,0
BRDA:66,5,0,0
BRDA:66,5,1,0
BRDA:74,6,0,0
BRDA:74,6,1,0
BRDA:74,6,2,0
BRDA:74,6,3,0
BRDA:92,7,0,0
BRDA:92,7,1,0
BRDA:103,8,0,0
BRDA:103,8,1,0
BRDA:104,9,0,0
BRDA:104,9,1,0
BRDA:105,10,0,0
BRDA:105,10,1,0
BRDA:106,11,0,0
BRDA:106,11,1,0
BRDA:107,12,0,0
BRDA:107,12,1,0
BRDA:128,13,0,0
BRDA:128,13,1,0
BRDA:130,14,0,0
BRDA:130,14,1,0
BRDA:149,15,0,0
BRDA:149,15,1,0
BRDA:160,16,0,0
BRDA:160,16,1,0
BRDA:168,17,0,0
BRDA:168,17,1,0
BRDA:175,18,0,0
BRDA:175,18,1,0
BRDA:202,19,0,0
BRDA:202,19,1,0
BRDA:219,20,0,0
BRDA:219,20,1,0
BRDA:219,21,0,0
BRDA:219,21,1,0
BRDA:223,22,0,0
BRDA:223,22,1,0
BRDA:223,23,0,0
BRDA:223,23,1,0
BRDA:223,23,2,0
BRDA:223,23,3,0
BRDA:227,24,0,0
BRDA:227,24,1,0
BRDA:227,25,0,0
BRDA:227,25,1,0
BRDA:234,26,0,0
BRDA:234,26,1,0
BRDA:247,27,0,0
BRDA:247,27,1,0
BRDA:247,28,0,0
BRDA:247,28,1,0
BRDA:251,29,0,0
BRDA:251,29,1,0
BRDA:251,30,0,0
BRDA:251,30,1,0
BRDA:251,30,2,0
BRDA:251,30,3,0
BRDA:258,31,0,0
BRDA:258,31,1,0
BRDA:271,32,0,0
BRDA:271,32,1,0
BRDA:271,33,0,0
BRDA:271,33,1,0
BRDA:275,34,0,0
BRDA:275,34,1,0
BRDA:275,35,0,0
BRDA:275,35,1,0
BRDA:275,35,2,0
BRDA:275,35,3,0
BRDA:282,36,0,0
BRDA:282,36,1,0
BRDA:295,37,0,0
BRDA:295,37,1,0
BRDA:295,38,0,0
BRDA:295,38,1,0
BRDA:299,39,0,0
BRDA:299,39,1,0
BRDA:299,40,0,0
BRDA:299,40,1,0
BRDA:299,40,2,0
BRDA:299,40,3,0
BRDA:306,41,0,0
BRDA:306,41,1,0
BRDA:323,42,0,0
BRDA:323,42,1,0
BRDA:331,43,0,0
BRDA:331,43,1,0
BRDA:341,44,0,0
BRDA:341,44,1,0
BRDA:341,45,0,0
BRDA:341,45,1,0
BRDA:342,46,0,0
BRDA:342,46,1,0
BRDA:343,47,0,0
BRDA:343,47,1,0
BRDA:355,48,0,0
BRDA:356,49,0,0
BRDA:356,49,1,0
BRDA:363,50,0,0
BRDA:363,50,1,0
BRDA:370,51,0,0
BRDA:370,51,1,0
BRDA:404,52,0,0
BRDA:404,52,1,0
BRDA:404,53,0,0
BRDA:404,53,1,0
BRDA:411,54,0,0
BRDA:411,54,1,0
BRDA:433,55,0,0
BRDA:433,55,1,0
BRF:121
BRH:0
end_of_record
